[ 2017-05-27T10:37:20+08:00 ] 127.0.0.1 /tpblog/
INFO: [ app_init ] --START--
INFO: Run Behavior\BuildLiteBehavior [ RunTime:0.000000s ]
INFO: [ app_init ] --END-- [ RunTime:0.001001s ]
INFO: [ app_begin ] --START--
INFO: Run Behavior\ReadHtmlCacheBehavior [ RunTime:0.000000s ]
INFO: [ app_begin ] --END-- [ RunTime:0.001000s ]
SQL: SHOW COLUMNS FROM `member` [ RunTime:0.0060s ]
SQL: SELECT * FROM `member` LIMIT 1   [ RunTime:0.0000s ]
INFO: [ app_end ] --START--
INFO: Run Behavior\ShowPageTraceBehavior [ RunTime:0.001000s ]
INFO: [ app_end ] --END-- [ RunTime:0.001000s ]

[ 2017-05-27T11:01:54+08:00 ] 127.0.0.1 /tpblog/
INFO: [ app_init ] --START--
INFO: Run Behavior\BuildLiteBehavior [ RunTime:0.000000s ]
INFO: [ app_init ] --END-- [ RunTime:0.000000s ]
INFO: [ app_begin ] --START--
INFO: Run Behavior\ReadHtmlCacheBehavior [ RunTime:0.001000s ]
INFO: [ app_begin ] --END-- [ RunTime:0.001000s ]
ERR: 1146:Table 'tpblog.member' doesn't exist
 [ SQL语句 ] : SHOW COLUMNS FROM `member`
ERR: 1146:Table 'tpblog.member' doesn't exist
 [ SQL语句 ] : SHOW COLUMNS FROM `member`

[ 2017-05-27T11:01:56+08:00 ] 127.0.0.1 /tpblog/
INFO: [ app_init ] --START--
INFO: Run Behavior\BuildLiteBehavior [ RunTime:0.000000s ]
INFO: [ app_init ] --END-- [ RunTime:0.001000s ]
INFO: [ app_begin ] --START--
INFO: Run Behavior\ReadHtmlCacheBehavior [ RunTime:0.000000s ]
INFO: [ app_begin ] --END-- [ RunTime:0.000000s ]
ERR: 1146:Table 'tpblog.member' doesn't exist
 [ SQL语句 ] : SHOW COLUMNS FROM `member`
ERR: 1146:Table 'tpblog.member' doesn't exist
 [ SQL语句 ] : SHOW COLUMNS FROM `member`

[ 2017-05-27T11:01:56+08:00 ] 127.0.0.1 /tpblog/
INFO: [ app_init ] --START--
INFO: Run Behavior\BuildLiteBehavior [ RunTime:0.000000s ]
INFO: [ app_init ] --END-- [ RunTime:0.001000s ]
INFO: [ app_begin ] --START--
INFO: Run Behavior\ReadHtmlCacheBehavior [ RunTime:0.001000s ]
INFO: [ app_begin ] --END-- [ RunTime:0.001000s ]
ERR: 1146:Table 'tpblog.member' doesn't exist
 [ SQL语句 ] : SHOW COLUMNS FROM `member`
ERR: 1146:Table 'tpblog.member' doesn't exist
 [ SQL语句 ] : SHOW COLUMNS FROM `member`

[ 2017-05-27T11:01:57+08:00 ] 127.0.0.1 /tpblog/
INFO: [ app_init ] --START--
INFO: Run Behavior\BuildLiteBehavior [ RunTime:0.000000s ]
INFO: [ app_init ] --END-- [ RunTime:0.001000s ]
INFO: [ app_begin ] --START--
INFO: Run Behavior\ReadHtmlCacheBehavior [ RunTime:0.000000s ]
INFO: [ app_begin ] --END-- [ RunTime:0.001000s ]
ERR: 1146:Table 'tpblog.member' doesn't exist
 [ SQL语句 ] : SHOW COLUMNS FROM `member`
ERR: 1146:Table 'tpblog.member' doesn't exist
 [ SQL语句 ] : SHOW COLUMNS FROM `member`

[ 2017-05-27T11:01:57+08:00 ] 127.0.0.1 /tpblog/
INFO: [ app_init ] --START--
INFO: Run Behavior\BuildLiteBehavior [ RunTime:0.000000s ]
INFO: [ app_init ] --END-- [ RunTime:0.001000s ]
INFO: [ app_begin ] --START--
INFO: Run Behavior\ReadHtmlCacheBehavior [ RunTime:0.001000s ]
INFO: [ app_begin ] --END-- [ RunTime:0.002000s ]
ERR: 1146:Table 'tpblog.member' doesn't exist
 [ SQL语句 ] : SHOW COLUMNS FROM `member`
ERR: 1146:Table 'tpblog.member' doesn't exist
 [ SQL语句 ] : SHOW COLUMNS FROM `member`

[ 2017-05-27T11:02:33+08:00 ] 127.0.0.1 /tpblog/
INFO: [ app_init ] --START--
INFO: Run Behavior\BuildLiteBehavior [ RunTime:0.000000s ]
INFO: [ app_init ] --END-- [ RunTime:0.000000s ]
INFO: [ app_begin ] --START--
INFO: Run Behavior\ReadHtmlCacheBehavior [ RunTime:0.001000s ]
INFO: [ app_begin ] --END-- [ RunTime:0.001000s ]
ERR: 1146:Table 'tpblog.member' doesn't exist
 [ SQL语句 ] : SHOW COLUMNS FROM `member`
ERR: 1146:Table 'tpblog.member' doesn't exist
 [ SQL语句 ] : SHOW COLUMNS FROM `member`

[ 2017-05-27T11:02:33+08:00 ] 127.0.0.1 /tpblog/
INFO: [ app_init ] --START--
INFO: Run Behavior\BuildLiteBehavior [ RunTime:0.000000s ]
INFO: [ app_init ] --END-- [ RunTime:0.000000s ]
INFO: [ app_begin ] --START--
INFO: Run Behavior\ReadHtmlCacheBehavior [ RunTime:0.001000s ]
INFO: [ app_begin ] --END-- [ RunTime:0.001000s ]
ERR: 1146:Table 'tpblog.member' doesn't exist
 [ SQL语句 ] : SHOW COLUMNS FROM `member`
ERR: 1146:Table 'tpblog.member' doesn't exist
 [ SQL语句 ] : SHOW COLUMNS FROM `member`

[ 2017-05-27T11:02:34+08:00 ] 127.0.0.1 /tpblog/
INFO: [ app_init ] --START--
INFO: Run Behavior\BuildLiteBehavior [ RunTime:0.000000s ]
INFO: [ app_init ] --END-- [ RunTime:0.001001s ]
INFO: [ app_begin ] --START--
INFO: Run Behavior\ReadHtmlCacheBehavior [ RunTime:0.001000s ]
INFO: [ app_begin ] --END-- [ RunTime:0.001000s ]
ERR: 1146:Table 'tpblog.member' doesn't exist
 [ SQL语句 ] : SHOW COLUMNS FROM `member`
ERR: 1146:Table 'tpblog.member' doesn't exist
 [ SQL语句 ] : SHOW COLUMNS FROM `member`

[ 2017-05-27T11:02:34+08:00 ] 127.0.0.1 /tpblog/
INFO: [ app_init ] --START--
INFO: Run Behavior\BuildLiteBehavior [ RunTime:0.000000s ]
INFO: [ app_init ] --END-- [ RunTime:0.001000s ]
INFO: [ app_begin ] --START--
INFO: Run Behavior\ReadHtmlCacheBehavior [ RunTime:0.000000s ]
INFO: [ app_begin ] --END-- [ RunTime:0.000000s ]
ERR: 1146:Table 'tpblog.member' doesn't exist
 [ SQL语句 ] : SHOW COLUMNS FROM `member`
ERR: 1146:Table 'tpblog.member' doesn't exist
 [ SQL语句 ] : SHOW COLUMNS FROM `member`

[ 2017-05-27T11:02:34+08:00 ] 127.0.0.1 /tpblog/
INFO: [ app_init ] --START--
INFO: Run Behavior\BuildLiteBehavior [ RunTime:0.000000s ]
INFO: [ app_init ] --END-- [ RunTime:0.001000s ]
INFO: [ app_begin ] --START--
INFO: Run Behavior\ReadHtmlCacheBehavior [ RunTime:0.000000s ]
INFO: [ app_begin ] --END-- [ RunTime:0.000000s ]
ERR: 1146:Table 'tpblog.member' doesn't exist
 [ SQL语句 ] : SHOW COLUMNS FROM `member`
ERR: 1146:Table 'tpblog.member' doesn't exist
 [ SQL语句 ] : SHOW COLUMNS FROM `member`

[ 2017-05-27T15:39:14+08:00 ] 127.0.0.1 /
INFO: [ app_init ] --START--
INFO: Run Behavior\BuildLiteBehavior [ RunTime:0.000000s ]
INFO: [ app_init ] --END-- [ RunTime:0.001000s ]
INFO: [ app_begin ] --START--
INFO: Run Behavior\ReadHtmlCacheBehavior [ RunTime:0.001000s ]
INFO: [ app_begin ] --END-- [ RunTime:0.001000s ]
ERR: 1146:Table 'tpblog.member' doesn't exist
 [ SQL语句 ] : SHOW COLUMNS FROM `member`
ERR: 1146:Table 'tpblog.member' doesn't exist
 [ SQL语句 ] : SHOW COLUMNS FROM `member`

[ 2017-05-27T15:45:10+08:00 ] 127.0.0.1 /
INFO: [ app_init ] --START--
INFO: Run Behavior\BuildLiteBehavior [ RunTime:0.000000s ]
INFO: [ app_init ] --END-- [ RunTime:0.001000s ]
INFO: [ app_begin ] --START--
INFO: Run Behavior\ReadHtmlCacheBehavior [ RunTime:0.001000s ]
INFO: [ app_begin ] --END-- [ RunTime:0.001000s ]
ERR: 1146:Table 'tpblog.member' doesn't exist
 [ SQL语句 ] : SHOW COLUMNS FROM `member`
ERR: 1146:Table 'tpblog.member' doesn't exist
 [ SQL语句 ] : SHOW COLUMNS FROM `member`

