[ 2017-06-05T08:45:16+08:00 ] 192.168.89.165 /Admin
INFO: [ app_init ] --START--
INFO: Run Behavior\BuildLiteBehavior [ RunTime:0.000000s ]
INFO: [ app_init ] --END-- [ RunTime:0.000000s ]
INFO: [ app_begin ] --START--
INFO: Run Behavior\ReadHtmlCacheBehavior [ RunTime:0.000000s ]
INFO: [ app_begin ] --END-- [ RunTime:0.000000s ]
INFO: [ view_parse ] --START--
INFO: [ template_filter ] --START--
INFO: Run Behavior\ContentReplaceBehavior [ RunTime:0.000000s ]
INFO: [ template_filter ] --END-- [ RunTime:0.000000s ]
INFO: Run Behavior\ParseTemplateBehavior [ RunTime:0.030601s ]
INFO: [ view_parse ] --END-- [ RunTime:0.030601s ]
INFO: [ view_filter ] --START--
INFO: Run Behavior\WriteHtmlCacheBehavior [ RunTime:0.001000s ]
INFO: [ view_filter ] --END-- [ RunTime:0.001000s ]
INFO: [ app_end ] --START--
INFO: Run Behavior\ShowPageTraceBehavior [ RunTime:0.001000s ]
INFO: [ app_end ] --END-- [ RunTime:0.001000s ]

[ 2017-06-05T09:03:25+08:00 ] 192.168.89.165 /Admin/Blog/index.html
INFO: [ app_init ] --START--
INFO: Run Behavior\BuildLiteBehavior [ RunTime:0.000000s ]
INFO: [ app_init ] --END-- [ RunTime:0.001000s ]
INFO: [ app_begin ] --START--
INFO: Run Behavior\ReadHtmlCacheBehavior [ RunTime:0.001000s ]
INFO: [ app_begin ] --END-- [ RunTime:0.001000s ]
SQL: SHOW COLUMNS FROM `article` [ RunTime:0.0110s ]
SQL: SELECT * FROM `article`  [ RunTime:0.0010s ]
INFO: [ view_parse ] --START--
INFO: [ template_filter ] --START--
INFO: Run Behavior\ContentReplaceBehavior [ RunTime:0.000000s ]
INFO: [ template_filter ] --END-- [ RunTime:0.000000s ]
NOTIC: [2] date() expects parameter 2 to be long, string given D:\wamp\www\tpblog\Application\Runtime\Cache\Admin\b6cf4839fe914acb0a11e87da731a216.php 第 30 行.
NOTIC: [2] date() expects parameter 2 to be long, string given D:\wamp\www\tpblog\Application\Runtime\Cache\Admin\b6cf4839fe914acb0a11e87da731a216.php 第 30 行.
NOTIC: [2] date() expects parameter 2 to be long, string given D:\wamp\www\tpblog\Application\Runtime\Cache\Admin\b6cf4839fe914acb0a11e87da731a216.php 第 30 行.
NOTIC: [2] date() expects parameter 2 to be long, string given D:\wamp\www\tpblog\Application\Runtime\Cache\Admin\b6cf4839fe914acb0a11e87da731a216.php 第 30 行.
NOTIC: [2] date() expects parameter 2 to be long, string given D:\wamp\www\tpblog\Application\Runtime\Cache\Admin\b6cf4839fe914acb0a11e87da731a216.php 第 30 行.
INFO: Run Behavior\ParseTemplateBehavior [ RunTime:0.015001s ]
INFO: [ view_parse ] --END-- [ RunTime:0.015001s ]
INFO: [ view_filter ] --START--
INFO: Run Behavior\WriteHtmlCacheBehavior [ RunTime:0.000000s ]
INFO: [ view_filter ] --END-- [ RunTime:0.000000s ]
INFO: [ app_end ] --START--
INFO: Run Behavior\ShowPageTraceBehavior [ RunTime:0.000000s ]
INFO: [ app_end ] --END-- [ RunTime:0.000000s ]

[ 2017-06-05T09:07:00+08:00 ] 192.168.89.165 /Admin/Blog/del.html?pid=26
INFO: [ app_init ] --START--
INFO: Run Behavior\BuildLiteBehavior [ RunTime:0.000000s ]
INFO: [ app_init ] --END-- [ RunTime:0.000000s ]
INFO: [ app_begin ] --START--
INFO: Run Behavior\ReadHtmlCacheBehavior [ RunTime:0.000000s ]
INFO: [ app_begin ] --END-- [ RunTime:0.000000s ]
SQL: SHOW COLUMNS FROM `article` [ RunTime:0.0030s ]
SQL: DELETE FROM `article` WHERE `pid` = 26 [ RunTime:0.0070s ]

[ 2017-06-05T09:07:00+08:00 ] 192.168.89.165 /Admin/Blog/index.html
INFO: [ app_init ] --START--
INFO: Run Behavior\BuildLiteBehavior [ RunTime:0.000000s ]
INFO: [ app_init ] --END-- [ RunTime:0.001000s ]
INFO: [ app_begin ] --START--
INFO: Run Behavior\ReadHtmlCacheBehavior [ RunTime:0.000000s ]
INFO: [ app_begin ] --END-- [ RunTime:0.000000s ]
SQL: SHOW COLUMNS FROM `article` [ RunTime:0.0030s ]
SQL: SELECT * FROM `article`  [ RunTime:0.0010s ]
INFO: [ view_parse ] --START--
INFO: [ template_filter ] --START--
INFO: Run Behavior\ContentReplaceBehavior [ RunTime:0.000000s ]
INFO: [ template_filter ] --END-- [ RunTime:0.001000s ]
NOTIC: [2] date() expects parameter 2 to be long, string given D:\wamp\www\tpblog\Application\Runtime\Cache\Admin\b6cf4839fe914acb0a11e87da731a216.php 第 30 行.
NOTIC: [2] date() expects parameter 2 to be long, string given D:\wamp\www\tpblog\Application\Runtime\Cache\Admin\b6cf4839fe914acb0a11e87da731a216.php 第 30 行.
NOTIC: [2] date() expects parameter 2 to be long, string given D:\wamp\www\tpblog\Application\Runtime\Cache\Admin\b6cf4839fe914acb0a11e87da731a216.php 第 30 行.
NOTIC: [2] date() expects parameter 2 to be long, string given D:\wamp\www\tpblog\Application\Runtime\Cache\Admin\b6cf4839fe914acb0a11e87da731a216.php 第 30 行.
INFO: Run Behavior\ParseTemplateBehavior [ RunTime:0.013000s ]
INFO: [ view_parse ] --END-- [ RunTime:0.013000s ]
INFO: [ view_filter ] --START--
INFO: Run Behavior\WriteHtmlCacheBehavior [ RunTime:0.001000s ]
INFO: [ view_filter ] --END-- [ RunTime:0.001000s ]
INFO: [ app_end ] --START--
INFO: Run Behavior\ShowPageTraceBehavior [ RunTime:0.001000s ]
INFO: [ app_end ] --END-- [ RunTime:0.001000s ]

[ 2017-06-05T09:07:02+08:00 ] 192.168.89.165 /Admin/Blog/add.html
INFO: [ app_init ] --START--
INFO: Run Behavior\BuildLiteBehavior [ RunTime:0.000000s ]
INFO: [ app_init ] --END-- [ RunTime:0.001000s ]
INFO: [ app_begin ] --START--
INFO: Run Behavior\ReadHtmlCacheBehavior [ RunTime:0.000000s ]
INFO: [ app_begin ] --END-- [ RunTime:0.000000s ]
SQL: SHOW COLUMNS FROM `article` [ RunTime:0.0030s ]
INFO: [ view_parse ] --START--
INFO: [ template_filter ] --START--
INFO: Run Behavior\ContentReplaceBehavior [ RunTime:0.000000s ]
INFO: [ template_filter ] --END-- [ RunTime:0.000000s ]
INFO: Run Behavior\ParseTemplateBehavior [ RunTime:0.010000s ]
INFO: [ view_parse ] --END-- [ RunTime:0.010000s ]
INFO: [ view_filter ] --START--
INFO: Run Behavior\WriteHtmlCacheBehavior [ RunTime:0.000000s ]
INFO: [ view_filter ] --END-- [ RunTime:0.000000s ]
INFO: [ app_end ] --START--
INFO: Run Behavior\ShowPageTraceBehavior [ RunTime:0.000000s ]
INFO: [ app_end ] --END-- [ RunTime:0.000000s ]

[ 2017-06-05T09:07:26+08:00 ] 192.168.89.165 /Admin/Blog/save.html?pid=0
INFO: [ app_init ] --START--
INFO: Run Behavior\BuildLiteBehavior [ RunTime:0.000000s ]
INFO: [ app_init ] --END-- [ RunTime:0.000000s ]
INFO: [ app_begin ] --START--
INFO: Run Behavior\ReadHtmlCacheBehavior [ RunTime:0.000000s ]
INFO: [ app_begin ] --END-- [ RunTime:0.000000s ]
SQL: SHOW COLUMNS FROM `article` [ RunTime:0.0030s ]
NOTIC: [8] Undefined index: auto D:\wamp\www\tpblog\ThinkPHP\Library\Think\Model.class.php 第 1128 行.
NOTIC: [8] Undefined variable: auser D:\wamp\www\tpblog\Application\Admin\Controller\BlogController.class.php 第 56 行.
SQL: SELECT * FROM `article` WHERE `ptit` = null AND `pid` <> '0' LIMIT 1   [ RunTime:0.0010s ]
SQL: INSERT INTO `article` (`ptit`,`pauthor`,`pcontent`,`pintime`) VALUES ('江西支持赣江新区基础建设 将建南昌西站至昌北机场轨道快线','张雁','中国江西网南昌讯 记者张雁报道：4日，记者从赣江新区获悉，位于赣江新区的儒乐湖新城一块商业用地最终被底价143万元/亩、折算楼面价477元/㎡、总价1.6亿元拿下，开启儒乐湖新城地块第一拍。而地铁一号线也将顺势北延至机场。

    儒乐湖第一拍地块半年内开工

    从地图上显示，该地块在儒乐湖新城纵一路以东、金水大道以西、南坊东路绿化带以南、横四路以北，位于儒乐湖新城的核心位置，距离赣江新区管委会直线距离约1.5公里。

    根据规划要求，该地块将建设超高层写字楼，六个月内动工，两年后竣工。到2019年，这里将建成赣江新区新地标建筑。

    地铁一号线将北延至昌北机场

    记者从赣江新区了解到，近日，江西省委办公厅、省人民政府办公厅印发《关于支持赣江新区加快发展的若干意见》，提出要将儒乐湖新城建设为滨湖宜居新城。为完善基础设施建设，提前启动昌九高铁前期工作，加快推进城市轨道机场快线的建设，以及地铁一号线北延工程，还将建设新区综合交通枢纽。

    据悉，《南昌市国民经济和社会发展第十三个五年（2016-2020）规划纲要》中曾提出，到2020年，南昌将建3条快速轨道交通线路，支撑南昌城市规模的提升与空间的拓展。

    快线1：主要联系昌北机场枢纽与昌南旧城区火车站枢纽；

    快线2：主要联系西客站枢纽与昌南旧城区火车站枢纽；

    快线3：主要联系昌北机场枢纽、红谷滩与西客站枢纽。

    延长或调整部分线路走向：新增1号线机场延伸线；新增3号线支线、延伸3号线和4号线。

    此次《意见》中提到的城市轨道机场快线即南昌西站至昌北机场轨道快线（机场快线3），将有效打通南昌火车站、西客站、机场及沿线地区的快速通道。

    地铁1号线北延工程即由双港站至昌北机场站，线路长15.7千米，其中高架线11千米，地下线4.7千米，设站6座。

    目前，地铁1号线东延工程已确定2018年开建，2021年通车，东延线路全长4.1公里，将下穿瑶湖，设站2座，分别是瑶湖东站和麻丘站。','1496624846') [ RunTime:0.0010s ]
INFO: [ view_parse ] --START--
INFO: [ template_filter ] --START--
INFO: Run Behavior\ContentReplaceBehavior [ RunTime:0.000000s ]
INFO: [ template_filter ] --END-- [ RunTime:0.000000s ]
INFO: Run Behavior\ParseTemplateBehavior [ RunTime:0.008000s ]
INFO: [ view_parse ] --END-- [ RunTime:0.009000s ]
INFO: [ view_filter ] --START--
INFO: Run Behavior\WriteHtmlCacheBehavior [ RunTime:0.000000s ]
INFO: [ view_filter ] --END-- [ RunTime:0.000000s ]
INFO: [ app_end ] --START--
INFO: Run Behavior\ShowPageTraceBehavior [ RunTime:0.000000s ]
INFO: [ app_end ] --END-- [ RunTime:0.001000s ]

[ 2017-06-05T09:07:27+08:00 ] 192.168.89.165 /Admin/Blog/index
INFO: [ app_init ] --START--
INFO: Run Behavior\BuildLiteBehavior [ RunTime:0.000000s ]
INFO: [ app_init ] --END-- [ RunTime:0.001001s ]
INFO: [ app_begin ] --START--
INFO: Run Behavior\ReadHtmlCacheBehavior [ RunTime:0.001000s ]
INFO: [ app_begin ] --END-- [ RunTime:0.001000s ]
SQL: SHOW COLUMNS FROM `article` [ RunTime:0.0030s ]
SQL: SELECT * FROM `article`  [ RunTime:0.0000s ]
INFO: [ view_parse ] --START--
INFO: [ template_filter ] --START--
INFO: Run Behavior\ContentReplaceBehavior [ RunTime:0.000000s ]
INFO: [ template_filter ] --END-- [ RunTime:0.000000s ]
NOTIC: [2] date() expects parameter 2 to be long, string given D:\wamp\www\tpblog\Application\Runtime\Cache\Admin\b6cf4839fe914acb0a11e87da731a216.php 第 30 行.
NOTIC: [2] date() expects parameter 2 to be long, string given D:\wamp\www\tpblog\Application\Runtime\Cache\Admin\b6cf4839fe914acb0a11e87da731a216.php 第 30 行.
NOTIC: [2] date() expects parameter 2 to be long, string given D:\wamp\www\tpblog\Application\Runtime\Cache\Admin\b6cf4839fe914acb0a11e87da731a216.php 第 30 行.
NOTIC: [2] date() expects parameter 2 to be long, string given D:\wamp\www\tpblog\Application\Runtime\Cache\Admin\b6cf4839fe914acb0a11e87da731a216.php 第 30 行.
NOTIC: [2] date() expects parameter 2 to be long, string given D:\wamp\www\tpblog\Application\Runtime\Cache\Admin\b6cf4839fe914acb0a11e87da731a216.php 第 30 行.
INFO: Run Behavior\ParseTemplateBehavior [ RunTime:0.014001s ]
INFO: [ view_parse ] --END-- [ RunTime:0.015001s ]
INFO: [ view_filter ] --START--
INFO: Run Behavior\WriteHtmlCacheBehavior [ RunTime:0.000000s ]
INFO: [ view_filter ] --END-- [ RunTime:0.000000s ]
INFO: [ app_end ] --START--
INFO: Run Behavior\ShowPageTraceBehavior [ RunTime:0.000000s ]
INFO: [ app_end ] --END-- [ RunTime:0.001000s ]

[ 2017-06-05T09:07:59+08:00 ] 192.168.89.165 /Admin/Blog/add.html
INFO: [ app_init ] --START--
INFO: Run Behavior\BuildLiteBehavior [ RunTime:0.000000s ]
INFO: [ app_init ] --END-- [ RunTime:0.000000s ]
INFO: [ app_begin ] --START--
INFO: Run Behavior\ReadHtmlCacheBehavior [ RunTime:0.001000s ]
INFO: [ app_begin ] --END-- [ RunTime:0.001000s ]
SQL: SHOW COLUMNS FROM `article` [ RunTime:0.0030s ]
INFO: [ view_parse ] --START--
INFO: [ template_filter ] --START--
INFO: Run Behavior\ContentReplaceBehavior [ RunTime:0.000000s ]
INFO: [ template_filter ] --END-- [ RunTime:0.000000s ]
NOTIC: [8] Undefined index: pid D:\wamp\www\tpblog\Application\Runtime\Cache\Admin\c5864232a29c87a4b59c3a5e32c366ad.php 第 20 行.
INFO: Run Behavior\ParseTemplateBehavior [ RunTime:0.009000s ]
INFO: [ view_parse ] --END-- [ RunTime:0.009000s ]
INFO: [ view_filter ] --START--
INFO: Run Behavior\WriteHtmlCacheBehavior [ RunTime:0.000000s ]
INFO: [ view_filter ] --END-- [ RunTime:0.001000s ]
INFO: [ app_end ] --START--
INFO: Run Behavior\ShowPageTraceBehavior [ RunTime:0.000000s ]
INFO: [ app_end ] --END-- [ RunTime:0.001000s ]

[ 2017-06-05T09:08:33+08:00 ] 192.168.89.165 /Admin/Blog/save.html?pid=
INFO: [ app_init ] --START--
INFO: Run Behavior\BuildLiteBehavior [ RunTime:0.000000s ]
INFO: [ app_init ] --END-- [ RunTime:0.001000s ]
INFO: [ app_begin ] --START--
INFO: Run Behavior\ReadHtmlCacheBehavior [ RunTime:0.001000s ]
INFO: [ app_begin ] --END-- [ RunTime:0.001000s ]
SQL: SHOW COLUMNS FROM `article` [ RunTime:0.0030s ]
NOTIC: [8] Undefined index: auto D:\wamp\www\tpblog\ThinkPHP\Library\Think\Model.class.php 第 1128 行.
NOTIC: [8] Undefined variable: auser D:\wamp\www\tpblog\Application\Admin\Controller\BlogController.class.php 第 55 行.
SQL: SELECT * FROM `article` WHERE `ptit` = null AND `pid` <> '' LIMIT 1   [ RunTime:0.0010s ]
SQL: INSERT INTO `article` (`ptit`,`pauthor`,`pcontent`,`pintime`) VALUES ('上月南昌二手房销量涨幅大','万仁辉','中国江西网南昌讯 （记者万仁辉）近日，南昌市房管局发布5月南昌市市区房地产市场交易情况。据悉，5月，南昌市区商品住宅销售3536套，环比上涨5%，二手房住宅交易3076套，环比上涨20%。

    统计数据显示，5月，南昌市区商品住宅销售面积约39.67万平方米，同比下降34%，环比上涨3%；非住宅成交19.53万平方米，环比上涨59%，合计2872套。与此同时，5月，南昌市区二手房住宅交易面积约29.63万平方米，同比、环比分别上涨25%、21%。

    从南昌市各区（新区、开发区）看，5月，在南昌新建商品住宅成交量区域排行榜中，红谷滩新区仍排首位，但销量较以往有所下滑。具体来说，5月，红谷滩新区住宅成交905套，环比下降24%，成交面积约11万平方米，环比下降21%。高新开发区和青云谱区紧随其后，住宅成交量分别为640套和626套，环比分别上涨224%和263%。','1496624913') [ RunTime:0.0070s ]
INFO: [ view_parse ] --START--
INFO: [ template_filter ] --START--
INFO: Run Behavior\ContentReplaceBehavior [ RunTime:0.000000s ]
INFO: [ template_filter ] --END-- [ RunTime:0.000000s ]
INFO: Run Behavior\ParseTemplateBehavior [ RunTime:0.009001s ]
INFO: [ view_parse ] --END-- [ RunTime:0.009001s ]
INFO: [ view_filter ] --START--
INFO: Run Behavior\WriteHtmlCacheBehavior [ RunTime:0.000000s ]
INFO: [ view_filter ] --END-- [ RunTime:0.000000s ]
INFO: [ app_end ] --START--
INFO: Run Behavior\ShowPageTraceBehavior [ RunTime:0.000000s ]
INFO: [ app_end ] --END-- [ RunTime:0.000000s ]

[ 2017-06-05T09:08:34+08:00 ] 192.168.89.165 /Admin/Blog/index
INFO: [ app_init ] --START--
INFO: Run Behavior\BuildLiteBehavior [ RunTime:0.000000s ]
INFO: [ app_init ] --END-- [ RunTime:0.001000s ]
INFO: [ app_begin ] --START--
INFO: Run Behavior\ReadHtmlCacheBehavior [ RunTime:0.000000s ]
INFO: [ app_begin ] --END-- [ RunTime:0.001000s ]
SQL: SHOW COLUMNS FROM `article` [ RunTime:0.0030s ]
SQL: SELECT * FROM `article`  [ RunTime:0.0010s ]
INFO: [ view_parse ] --START--
INFO: [ template_filter ] --START--
INFO: Run Behavior\ContentReplaceBehavior [ RunTime:0.000000s ]
INFO: [ template_filter ] --END-- [ RunTime:0.000000s ]
NOTIC: [2] date() expects parameter 2 to be long, string given D:\wamp\www\tpblog\Application\Runtime\Cache\Admin\b6cf4839fe914acb0a11e87da731a216.php 第 30 行.
NOTIC: [2] date() expects parameter 2 to be long, string given D:\wamp\www\tpblog\Application\Runtime\Cache\Admin\b6cf4839fe914acb0a11e87da731a216.php 第 30 行.
NOTIC: [2] date() expects parameter 2 to be long, string given D:\wamp\www\tpblog\Application\Runtime\Cache\Admin\b6cf4839fe914acb0a11e87da731a216.php 第 30 行.
NOTIC: [2] date() expects parameter 2 to be long, string given D:\wamp\www\tpblog\Application\Runtime\Cache\Admin\b6cf4839fe914acb0a11e87da731a216.php 第 30 行.
NOTIC: [2] date() expects parameter 2 to be long, string given D:\wamp\www\tpblog\Application\Runtime\Cache\Admin\b6cf4839fe914acb0a11e87da731a216.php 第 30 行.
NOTIC: [2] date() expects parameter 2 to be long, string given D:\wamp\www\tpblog\Application\Runtime\Cache\Admin\b6cf4839fe914acb0a11e87da731a216.php 第 30 行.
INFO: Run Behavior\ParseTemplateBehavior [ RunTime:0.013001s ]
INFO: [ view_parse ] --END-- [ RunTime:0.014001s ]
INFO: [ view_filter ] --START--
INFO: Run Behavior\WriteHtmlCacheBehavior [ RunTime:0.000000s ]
INFO: [ view_filter ] --END-- [ RunTime:0.000000s ]
INFO: [ app_end ] --START--
INFO: Run Behavior\ShowPageTraceBehavior [ RunTime:0.000000s ]
INFO: [ app_end ] --END-- [ RunTime:0.000000s ]

[ 2017-06-05T09:09:38+08:00 ] 192.168.89.165 /Admin/Blog/index
INFO: [ app_init ] --START--
INFO: Run Behavior\BuildLiteBehavior [ RunTime:0.000000s ]
INFO: [ app_init ] --END-- [ RunTime:0.000000s ]
INFO: [ app_begin ] --START--
INFO: Run Behavior\ReadHtmlCacheBehavior [ RunTime:0.000000s ]
INFO: [ app_begin ] --END-- [ RunTime:0.000000s ]
SQL: SHOW COLUMNS FROM `article` [ RunTime:0.0030s ]
ERR: 1054:Unknown column 'id' in 'order clause'
 [ SQL语句 ] : SELECT * FROM `article` ORDER BY id DESC 
ERR: 1054:Unknown column 'id' in 'order clause'
 [ SQL语句 ] : SELECT * FROM `article` ORDER BY id DESC 

[ 2017-06-05T09:09:50+08:00 ] 192.168.89.165 /Admin/Blog/index
INFO: [ app_init ] --START--
INFO: Run Behavior\BuildLiteBehavior [ RunTime:0.000000s ]
INFO: [ app_init ] --END-- [ RunTime:0.001000s ]
INFO: [ app_begin ] --START--
INFO: Run Behavior\ReadHtmlCacheBehavior [ RunTime:0.002000s ]
INFO: [ app_begin ] --END-- [ RunTime:0.002000s ]
SQL: SHOW COLUMNS FROM `article` [ RunTime:0.0040s ]
SQL: SELECT * FROM `article` ORDER BY pid DESC  [ RunTime:0.0010s ]
INFO: [ view_parse ] --START--
INFO: [ template_filter ] --START--
INFO: Run Behavior\ContentReplaceBehavior [ RunTime:0.000000s ]
INFO: [ template_filter ] --END-- [ RunTime:0.000000s ]
NOTIC: [2] date() expects parameter 2 to be long, string given D:\wamp\www\tpblog\Application\Runtime\Cache\Admin\b6cf4839fe914acb0a11e87da731a216.php 第 30 行.
NOTIC: [2] date() expects parameter 2 to be long, string given D:\wamp\www\tpblog\Application\Runtime\Cache\Admin\b6cf4839fe914acb0a11e87da731a216.php 第 30 行.
NOTIC: [2] date() expects parameter 2 to be long, string given D:\wamp\www\tpblog\Application\Runtime\Cache\Admin\b6cf4839fe914acb0a11e87da731a216.php 第 30 行.
NOTIC: [2] date() expects parameter 2 to be long, string given D:\wamp\www\tpblog\Application\Runtime\Cache\Admin\b6cf4839fe914acb0a11e87da731a216.php 第 30 行.
NOTIC: [2] date() expects parameter 2 to be long, string given D:\wamp\www\tpblog\Application\Runtime\Cache\Admin\b6cf4839fe914acb0a11e87da731a216.php 第 30 行.
NOTIC: [2] date() expects parameter 2 to be long, string given D:\wamp\www\tpblog\Application\Runtime\Cache\Admin\b6cf4839fe914acb0a11e87da731a216.php 第 30 行.
INFO: Run Behavior\ParseTemplateBehavior [ RunTime:0.018002s ]
INFO: [ view_parse ] --END-- [ RunTime:0.019002s ]
INFO: [ view_filter ] --START--
INFO: Run Behavior\WriteHtmlCacheBehavior [ RunTime:0.001000s ]
INFO: [ view_filter ] --END-- [ RunTime:0.001000s ]
INFO: [ app_end ] --START--
INFO: Run Behavior\ShowPageTraceBehavior [ RunTime:0.001000s ]
INFO: [ app_end ] --END-- [ RunTime:0.002000s ]

[ 2017-06-05T09:10:03+08:00 ] 192.168.89.165 /Admin/Blog/add.html?pid=28
INFO: [ app_init ] --START--
INFO: Run Behavior\BuildLiteBehavior [ RunTime:0.000000s ]
INFO: [ app_init ] --END-- [ RunTime:0.001000s ]
INFO: [ app_begin ] --START--
INFO: Run Behavior\ReadHtmlCacheBehavior [ RunTime:0.001000s ]
INFO: [ app_begin ] --END-- [ RunTime:0.001000s ]
SQL: SHOW COLUMNS FROM `article` [ RunTime:0.0020s ]
SQL: SELECT * FROM `article` WHERE `pid` = 28 LIMIT 1   [ RunTime:0.0010s ]
INFO: [ view_parse ] --START--
INFO: [ template_filter ] --START--
INFO: Run Behavior\ContentReplaceBehavior [ RunTime:0.001000s ]
INFO: [ template_filter ] --END-- [ RunTime:0.001000s ]
INFO: Run Behavior\ParseTemplateBehavior [ RunTime:0.010000s ]
INFO: [ view_parse ] --END-- [ RunTime:0.011000s ]
INFO: [ view_filter ] --START--
INFO: Run Behavior\WriteHtmlCacheBehavior [ RunTime:0.000000s ]
INFO: [ view_filter ] --END-- [ RunTime:0.000000s ]
INFO: [ app_end ] --START--
INFO: Run Behavior\ShowPageTraceBehavior [ RunTime:0.000000s ]
INFO: [ app_end ] --END-- [ RunTime:0.000000s ]

[ 2017-06-05T09:10:06+08:00 ] 192.168.89.165 /Admin/Blog/save.html?pid=28
INFO: [ app_init ] --START--
INFO: Run Behavior\BuildLiteBehavior [ RunTime:0.000000s ]
INFO: [ app_init ] --END-- [ RunTime:0.000000s ]
INFO: [ app_begin ] --START--
INFO: Run Behavior\ReadHtmlCacheBehavior [ RunTime:0.000000s ]
INFO: [ app_begin ] --END-- [ RunTime:0.001000s ]
SQL: SHOW COLUMNS FROM `article` [ RunTime:0.0030s ]
NOTIC: [8] Undefined index: auto D:\wamp\www\tpblog\ThinkPHP\Library\Think\Model.class.php 第 1128 行.
NOTIC: [8] Undefined variable: auser D:\wamp\www\tpblog\Application\Admin\Controller\BlogController.class.php 第 55 行.
SQL: SELECT * FROM `article` WHERE `ptit` = null AND `pid` <> '28' LIMIT 1   [ RunTime:0.0000s ]
SQL: UPDATE `article` SET `ptit`='上月南昌二手房销量涨幅大',`pauthor`='万仁辉1',`pcontent`='中国江西网南昌讯 （记者万仁辉）近日，南昌市房管局发布5月南昌市市区房地产市场交易情况。据悉，5月，南昌市区商品住宅销售3536套，环比上涨5%，二手房住宅交易3076套，环比上涨20%。

    统计数据显示，5月，南昌市区商品住宅销售面积约39.67万平方米，同比下降34%，环比上涨3%；非住宅成交19.53万平方米，环比上涨59%，合计2872套。与此同时，5月，南昌市区二手房住宅交易面积约29.63万平方米，同比、环比分别上涨25%、21%。

    从南昌市各区（新区、开发区）看，5月，在南昌新建商品住宅成交量区域排行榜中，红谷滩新区仍排首位，但销量较以往有所下滑。具体来说，5月，红谷滩新区住宅成交905套，环比下降24%，成交面积约11万平方米，环比下降21%。高新开发区和青云谱区紧随其后，住宅成交量分别为640套和626套，环比分别上涨224%和263%。',`puptime`='1496625006' WHERE `pid` = 28 [ RunTime:0.0010s ]
INFO: [ view_parse ] --START--
INFO: [ template_filter ] --START--
INFO: Run Behavior\ContentReplaceBehavior [ RunTime:0.000000s ]
INFO: [ template_filter ] --END-- [ RunTime:0.001000s ]
INFO: Run Behavior\ParseTemplateBehavior [ RunTime:0.008000s ]
INFO: [ view_parse ] --END-- [ RunTime:0.008000s ]
INFO: [ view_filter ] --START--
INFO: Run Behavior\WriteHtmlCacheBehavior [ RunTime:0.001001s ]
INFO: [ view_filter ] --END-- [ RunTime:0.001001s ]

[ 2017-06-05T09:10:09+08:00 ] 192.168.89.165 /Admin/Blog/index
INFO: [ app_init ] --START--
INFO: Run Behavior\BuildLiteBehavior [ RunTime:0.000000s ]
INFO: [ app_init ] --END-- [ RunTime:0.000000s ]
INFO: [ app_begin ] --START--
INFO: Run Behavior\ReadHtmlCacheBehavior [ RunTime:0.001000s ]
INFO: [ app_begin ] --END-- [ RunTime:0.001000s ]
SQL: SHOW COLUMNS FROM `article` [ RunTime:0.0030s ]
SQL: SELECT * FROM `article` ORDER BY pid DESC  [ RunTime:0.0010s ]
INFO: [ view_parse ] --START--
INFO: [ template_filter ] --START--
INFO: Run Behavior\ContentReplaceBehavior [ RunTime:0.000000s ]
INFO: [ template_filter ] --END-- [ RunTime:0.000000s ]
NOTIC: [2] date() expects parameter 2 to be long, string given D:\wamp\www\tpblog\Application\Runtime\Cache\Admin\b6cf4839fe914acb0a11e87da731a216.php 第 30 行.
NOTIC: [2] date() expects parameter 2 to be long, string given D:\wamp\www\tpblog\Application\Runtime\Cache\Admin\b6cf4839fe914acb0a11e87da731a216.php 第 30 行.
NOTIC: [2] date() expects parameter 2 to be long, string given D:\wamp\www\tpblog\Application\Runtime\Cache\Admin\b6cf4839fe914acb0a11e87da731a216.php 第 30 行.
NOTIC: [2] date() expects parameter 2 to be long, string given D:\wamp\www\tpblog\Application\Runtime\Cache\Admin\b6cf4839fe914acb0a11e87da731a216.php 第 30 行.
NOTIC: [2] date() expects parameter 2 to be long, string given D:\wamp\www\tpblog\Application\Runtime\Cache\Admin\b6cf4839fe914acb0a11e87da731a216.php 第 30 行.
INFO: Run Behavior\ParseTemplateBehavior [ RunTime:0.013001s ]
INFO: [ view_parse ] --END-- [ RunTime:0.014001s ]
INFO: [ view_filter ] --START--
INFO: Run Behavior\WriteHtmlCacheBehavior [ RunTime:0.000000s ]
INFO: [ view_filter ] --END-- [ RunTime:0.000000s ]
INFO: [ app_end ] --START--
INFO: Run Behavior\ShowPageTraceBehavior [ RunTime:0.000000s ]
INFO: [ app_end ] --END-- [ RunTime:0.000000s ]

[ 2017-06-05T09:11:25+08:00 ] 192.168.89.165 /Admin/Blog/index
INFO: [ app_init ] --START--
INFO: Run Behavior\BuildLiteBehavior [ RunTime:0.000000s ]
INFO: [ app_init ] --END-- [ RunTime:0.001000s ]
INFO: [ app_begin ] --START--
INFO: Run Behavior\ReadHtmlCacheBehavior [ RunTime:0.001000s ]
INFO: [ app_begin ] --END-- [ RunTime:0.001000s ]
SQL: SHOW COLUMNS FROM `article` [ RunTime:0.0030s ]
SQL: SELECT * FROM `article` ORDER BY pid DESC  [ RunTime:0.0010s ]
INFO: [ view_parse ] --START--
INFO: [ template_filter ] --START--
INFO: Run Behavior\ContentReplaceBehavior [ RunTime:0.000000s ]
INFO: [ template_filter ] --END-- [ RunTime:0.000000s ]
NOTIC: [2] date() expects parameter 2 to be long, string given D:\wamp\www\tpblog\Application\Runtime\Cache\Admin\b6cf4839fe914acb0a11e87da731a216.php 第 30 行.
NOTIC: [2] date() expects parameter 2 to be long, string given D:\wamp\www\tpblog\Application\Runtime\Cache\Admin\b6cf4839fe914acb0a11e87da731a216.php 第 30 行.
NOTIC: [2] date() expects parameter 2 to be long, string given D:\wamp\www\tpblog\Application\Runtime\Cache\Admin\b6cf4839fe914acb0a11e87da731a216.php 第 30 行.
NOTIC: [2] date() expects parameter 2 to be long, string given D:\wamp\www\tpblog\Application\Runtime\Cache\Admin\b6cf4839fe914acb0a11e87da731a216.php 第 30 行.
NOTIC: [2] date() expects parameter 2 to be long, string given D:\wamp\www\tpblog\Application\Runtime\Cache\Admin\b6cf4839fe914acb0a11e87da731a216.php 第 30 行.
INFO: Run Behavior\ParseTemplateBehavior [ RunTime:0.014001s ]
INFO: [ view_parse ] --END-- [ RunTime:0.014001s ]
INFO: [ view_filter ] --START--
INFO: Run Behavior\WriteHtmlCacheBehavior [ RunTime:0.000000s ]
INFO: [ view_filter ] --END-- [ RunTime:0.001000s ]
INFO: [ app_end ] --START--
INFO: Run Behavior\ShowPageTraceBehavior [ RunTime:0.000000s ]
INFO: [ app_end ] --END-- [ RunTime:0.001000s ]

[ 2017-06-05T09:11:30+08:00 ] 192.168.89.165 /Admin/Blog/add.html?pid=27
INFO: [ app_init ] --START--
INFO: Run Behavior\BuildLiteBehavior [ RunTime:0.000000s ]
INFO: [ app_init ] --END-- [ RunTime:0.001000s ]
INFO: [ app_begin ] --START--
INFO: Run Behavior\ReadHtmlCacheBehavior [ RunTime:0.001000s ]
INFO: [ app_begin ] --END-- [ RunTime:0.001000s ]
SQL: SHOW COLUMNS FROM `article` [ RunTime:0.0040s ]
SQL: SELECT * FROM `article` WHERE `pid` = 27 LIMIT 1   [ RunTime:0.0010s ]
INFO: [ view_parse ] --START--
INFO: [ template_filter ] --START--
INFO: Run Behavior\ContentReplaceBehavior [ RunTime:0.000000s ]
INFO: [ template_filter ] --END-- [ RunTime:0.000000s ]
INFO: Run Behavior\ParseTemplateBehavior [ RunTime:0.009000s ]
INFO: [ view_parse ] --END-- [ RunTime:0.009000s ]
INFO: [ view_filter ] --START--
INFO: Run Behavior\WriteHtmlCacheBehavior [ RunTime:0.001000s ]
INFO: [ view_filter ] --END-- [ RunTime:0.001000s ]
INFO: [ app_end ] --START--
INFO: Run Behavior\ShowPageTraceBehavior [ RunTime:0.001000s ]
INFO: [ app_end ] --END-- [ RunTime:0.001000s ]

[ 2017-06-05T09:11:33+08:00 ] 192.168.89.165 /Admin/Blog/save.html
INFO: [ app_init ] --START--
INFO: Run Behavior\BuildLiteBehavior [ RunTime:0.000000s ]
INFO: [ app_init ] --END-- [ RunTime:0.000000s ]
INFO: [ app_begin ] --START--
INFO: Run Behavior\ReadHtmlCacheBehavior [ RunTime:0.000000s ]
INFO: [ app_begin ] --END-- [ RunTime:0.000000s ]
SQL: SHOW COLUMNS FROM `article` [ RunTime:0.0030s ]
NOTIC: [8] Undefined index: auto D:\wamp\www\tpblog\ThinkPHP\Library\Think\Model.class.php 第 1128 行.
NOTIC: [8] Undefined variable: auser D:\wamp\www\tpblog\Application\Admin\Controller\BlogController.class.php 第 55 行.
SQL: SELECT * FROM `article` WHERE `ptit` = null AND `pid` <> '' LIMIT 1   [ RunTime:0.0010s ]
SQL: INSERT INTO `article` (`ptit`,`pauthor`,`pcontent`,`pintime`) VALUES ('江西支持赣江新区基础建设 将建南昌西站至昌北机场轨道快线','张雁1','中国江西网南昌讯 记者张雁报道：4日，记者从赣江新区获悉，位于赣江新区的儒乐湖新城一块商业用地最终被底价143万元/亩、折算楼面价477元/㎡、总价1.6亿元拿下，开启儒乐湖新城地块第一拍。而地铁一号线也将顺势北延至机场。

    儒乐湖第一拍地块半年内开工

    从地图上显示，该地块在儒乐湖新城纵一路以东、金水大道以西、南坊东路绿化带以南、横四路以北，位于儒乐湖新城的核心位置，距离赣江新区管委会直线距离约1.5公里。

    根据规划要求，该地块将建设超高层写字楼，六个月内动工，两年后竣工。到2019年，这里将建成赣江新区新地标建筑。

    地铁一号线将北延至昌北机场

    记者从赣江新区了解到，近日，江西省委办公厅、省人民政府办公厅印发《关于支持赣江新区加快发展的若干意见》，提出要将儒乐湖新城建设为滨湖宜居新城。为完善基础设施建设，提前启动昌九高铁前期工作，加快推进城市轨道机场快线的建设，以及地铁一号线北延工程，还将建设新区综合交通枢纽。

    据悉，《南昌市国民经济和社会发展第十三个五年（2016-2020）规划纲要》中曾提出，到2020年，南昌将建3条快速轨道交通线路，支撑南昌城市规模的提升与空间的拓展。

    快线1：主要联系昌北机场枢纽与昌南旧城区火车站枢纽；

    快线2：主要联系西客站枢纽与昌南旧城区火车站枢纽；

    快线3：主要联系昌北机场枢纽、红谷滩与西客站枢纽。

    延长或调整部分线路走向：新增1号线机场延伸线；新增3号线支线、延伸3号线和4号线。

    此次《意见》中提到的城市轨道机场快线即南昌西站至昌北机场轨道快线（机场快线3），将有效打通南昌火车站、西客站、机场及沿线地区的快速通道。

    地铁1号线北延工程即由双港站至昌北机场站，线路长15.7千米，其中高架线11千米，地下线4.7千米，设站6座。

    目前，地铁1号线东延工程已确定2018年开建，2021年通车，东延线路全长4.1公里，将下穿瑶湖，设站2座，分别是瑶湖东站和麻丘站。','1496625093') [ RunTime:0.0070s ]
INFO: [ view_parse ] --START--
INFO: [ template_filter ] --START--
INFO: Run Behavior\ContentReplaceBehavior [ RunTime:0.001000s ]
INFO: [ template_filter ] --END-- [ RunTime:0.001000s ]
INFO: Run Behavior\ParseTemplateBehavior [ RunTime:0.008000s ]
INFO: [ view_parse ] --END-- [ RunTime:0.009000s ]
INFO: [ view_filter ] --START--
INFO: Run Behavior\WriteHtmlCacheBehavior [ RunTime:0.000000s ]
INFO: [ view_filter ] --END-- [ RunTime:0.000000s ]
INFO: [ app_end ] --START--
INFO: Run Behavior\ShowPageTraceBehavior [ RunTime:0.000000s ]
INFO: [ app_end ] --END-- [ RunTime:0.000000s ]

[ 2017-06-05T09:11:34+08:00 ] 192.168.89.165 /Admin/Blog/index
INFO: [ app_init ] --START--
INFO: Run Behavior\BuildLiteBehavior [ RunTime:0.000000s ]
INFO: [ app_init ] --END-- [ RunTime:0.000000s ]
INFO: [ app_begin ] --START--
INFO: Run Behavior\ReadHtmlCacheBehavior [ RunTime:0.001000s ]
INFO: [ app_begin ] --END-- [ RunTime:0.001000s ]
SQL: SHOW COLUMNS FROM `article` [ RunTime:0.0030s ]
SQL: SELECT * FROM `article` ORDER BY pid DESC  [ RunTime:0.0010s ]
INFO: [ view_parse ] --START--
INFO: [ template_filter ] --START--
INFO: Run Behavior\ContentReplaceBehavior [ RunTime:0.000000s ]
INFO: [ template_filter ] --END-- [ RunTime:0.000000s ]
NOTIC: [2] date() expects parameter 2 to be long, string given D:\wamp\www\tpblog\Application\Runtime\Cache\Admin\b6cf4839fe914acb0a11e87da731a216.php 第 30 行.
NOTIC: [2] date() expects parameter 2 to be long, string given D:\wamp\www\tpblog\Application\Runtime\Cache\Admin\b6cf4839fe914acb0a11e87da731a216.php 第 30 行.
NOTIC: [2] date() expects parameter 2 to be long, string given D:\wamp\www\tpblog\Application\Runtime\Cache\Admin\b6cf4839fe914acb0a11e87da731a216.php 第 30 行.
NOTIC: [2] date() expects parameter 2 to be long, string given D:\wamp\www\tpblog\Application\Runtime\Cache\Admin\b6cf4839fe914acb0a11e87da731a216.php 第 30 行.
NOTIC: [2] date() expects parameter 2 to be long, string given D:\wamp\www\tpblog\Application\Runtime\Cache\Admin\b6cf4839fe914acb0a11e87da731a216.php 第 30 行.
NOTIC: [2] date() expects parameter 2 to be long, string given D:\wamp\www\tpblog\Application\Runtime\Cache\Admin\b6cf4839fe914acb0a11e87da731a216.php 第 30 行.
INFO: Run Behavior\ParseTemplateBehavior [ RunTime:0.015001s ]
INFO: [ view_parse ] --END-- [ RunTime:0.015001s ]
INFO: [ view_filter ] --START--
INFO: Run Behavior\WriteHtmlCacheBehavior [ RunTime:0.000000s ]
INFO: [ view_filter ] --END-- [ RunTime:0.000000s ]
INFO: [ app_end ] --START--
INFO: Run Behavior\ShowPageTraceBehavior [ RunTime:0.000000s ]
INFO: [ app_end ] --END-- [ RunTime:0.000000s ]

[ 2017-06-05T09:12:45+08:00 ] 192.168.89.165 /Admin/Blog/add.html?pid=29
INFO: [ app_init ] --START--
INFO: Run Behavior\BuildLiteBehavior [ RunTime:0.000000s ]
INFO: [ app_init ] --END-- [ RunTime:0.000000s ]
INFO: [ app_begin ] --START--
INFO: Run Behavior\ReadHtmlCacheBehavior [ RunTime:0.001000s ]
INFO: [ app_begin ] --END-- [ RunTime:0.001000s ]
SQL: SHOW COLUMNS FROM `article` [ RunTime:0.0030s ]
SQL: SELECT * FROM `article` WHERE `pid` = 29 LIMIT 1   [ RunTime:0.0000s ]
INFO: [ view_parse ] --START--
INFO: [ template_filter ] --START--
INFO: Run Behavior\ContentReplaceBehavior [ RunTime:0.000000s ]
INFO: [ template_filter ] --END-- [ RunTime:0.000000s ]
INFO: Run Behavior\ParseTemplateBehavior [ RunTime:0.010000s ]
INFO: [ view_parse ] --END-- [ RunTime:0.010000s ]
INFO: [ view_filter ] --START--
INFO: Run Behavior\WriteHtmlCacheBehavior [ RunTime:0.001000s ]
INFO: [ view_filter ] --END-- [ RunTime:0.001000s ]
INFO: [ app_end ] --START--
INFO: Run Behavior\ShowPageTraceBehavior [ RunTime:0.001000s ]
INFO: [ app_end ] --END-- [ RunTime:0.001000s ]

[ 2017-06-05T09:12:48+08:00 ] 192.168.89.165 /Admin/Blog/save.html?pid=29
INFO: [ app_init ] --START--
INFO: Run Behavior\BuildLiteBehavior [ RunTime:0.000000s ]
INFO: [ app_init ] --END-- [ RunTime:0.000000s ]
INFO: [ app_begin ] --START--
INFO: Run Behavior\ReadHtmlCacheBehavior [ RunTime:0.000000s ]
INFO: [ app_begin ] --END-- [ RunTime:0.001000s ]
SQL: SHOW COLUMNS FROM `article` [ RunTime:0.0030s ]
NOTIC: [8] Undefined index: auto D:\wamp\www\tpblog\ThinkPHP\Library\Think\Model.class.php 第 1128 行.
NOTIC: [8] Undefined variable: auser D:\wamp\www\tpblog\Application\Admin\Controller\BlogController.class.php 第 55 行.
SQL: SELECT * FROM `article` WHERE `ptit` = null AND `pid` <> '29' LIMIT 1   [ RunTime:0.0000s ]
SQL: UPDATE `article` SET `ptit`='江西支持赣江新区基础建设 将建南昌西站至昌北机场轨道快线',`pauthor`='张雁12',`pcontent`='中国江西网南昌讯 记者张雁报道：4日，记者从赣江新区获悉，位于赣江新区的儒乐湖新城一块商业用地最终被底价143万元/亩、折算楼面价477元/㎡、总价1.6亿元拿下，开启儒乐湖新城地块第一拍。而地铁一号线也将顺势北延至机场。

    儒乐湖第一拍地块半年内开工

    从地图上显示，该地块在儒乐湖新城纵一路以东、金水大道以西、南坊东路绿化带以南、横四路以北，位于儒乐湖新城的核心位置，距离赣江新区管委会直线距离约1.5公里。

    根据规划要求，该地块将建设超高层写字楼，六个月内动工，两年后竣工。到2019年，这里将建成赣江新区新地标建筑。

    地铁一号线将北延至昌北机场

    记者从赣江新区了解到，近日，江西省委办公厅、省人民政府办公厅印发《关于支持赣江新区加快发展的若干意见》，提出要将儒乐湖新城建设为滨湖宜居新城。为完善基础设施建设，提前启动昌九高铁前期工作，加快推进城市轨道机场快线的建设，以及地铁一号线北延工程，还将建设新区综合交通枢纽。

    据悉，《南昌市国民经济和社会发展第十三个五年（2016-2020）规划纲要》中曾提出，到2020年，南昌将建3条快速轨道交通线路，支撑南昌城市规模的提升与空间的拓展。

    快线1：主要联系昌北机场枢纽与昌南旧城区火车站枢纽；

    快线2：主要联系西客站枢纽与昌南旧城区火车站枢纽；

    快线3：主要联系昌北机场枢纽、红谷滩与西客站枢纽。

    延长或调整部分线路走向：新增1号线机场延伸线；新增3号线支线、延伸3号线和4号线。

    此次《意见》中提到的城市轨道机场快线即南昌西站至昌北机场轨道快线（机场快线3），将有效打通南昌火车站、西客站、机场及沿线地区的快速通道。

    地铁1号线北延工程即由双港站至昌北机场站，线路长15.7千米，其中高架线11千米，地下线4.7千米，设站6座。

    目前，地铁1号线东延工程已确定2018年开建，2021年通车，东延线路全长4.1公里，将下穿瑶湖，设站2座，分别是瑶湖东站和麻丘站。',`puptime`='1496625168' WHERE `pid` = 29 [ RunTime:0.0070s ]
INFO: [ view_parse ] --START--
INFO: [ template_filter ] --START--
INFO: Run Behavior\ContentReplaceBehavior [ RunTime:0.000000s ]
INFO: [ template_filter ] --END-- [ RunTime:0.000000s ]
INFO: Run Behavior\ParseTemplateBehavior [ RunTime:0.008001s ]
INFO: [ view_parse ] --END-- [ RunTime:0.008001s ]
INFO: [ view_filter ] --START--
INFO: Run Behavior\WriteHtmlCacheBehavior [ RunTime:0.001000s ]
INFO: [ view_filter ] --END-- [ RunTime:0.001000s ]

[ 2017-06-05T09:12:51+08:00 ] 192.168.89.165 /Admin/Blog/index
INFO: [ app_init ] --START--
INFO: Run Behavior\BuildLiteBehavior [ RunTime:0.000000s ]
INFO: [ app_init ] --END-- [ RunTime:0.000000s ]
INFO: [ app_begin ] --START--
INFO: Run Behavior\ReadHtmlCacheBehavior [ RunTime:0.000000s ]
INFO: [ app_begin ] --END-- [ RunTime:0.000000s ]
SQL: SHOW COLUMNS FROM `article` [ RunTime:0.0030s ]
SQL: SELECT * FROM `article` ORDER BY pid DESC  [ RunTime:0.0010s ]
INFO: [ view_parse ] --START--
INFO: [ template_filter ] --START--
INFO: Run Behavior\ContentReplaceBehavior [ RunTime:0.000000s ]
INFO: [ template_filter ] --END-- [ RunTime:0.001000s ]
NOTIC: [2] date() expects parameter 2 to be long, string given D:\wamp\www\tpblog\Application\Runtime\Cache\Admin\b6cf4839fe914acb0a11e87da731a216.php 第 30 行.
NOTIC: [2] date() expects parameter 2 to be long, string given D:\wamp\www\tpblog\Application\Runtime\Cache\Admin\b6cf4839fe914acb0a11e87da731a216.php 第 30 行.
NOTIC: [2] date() expects parameter 2 to be long, string given D:\wamp\www\tpblog\Application\Runtime\Cache\Admin\b6cf4839fe914acb0a11e87da731a216.php 第 30 行.
NOTIC: [2] date() expects parameter 2 to be long, string given D:\wamp\www\tpblog\Application\Runtime\Cache\Admin\b6cf4839fe914acb0a11e87da731a216.php 第 30 行.
NOTIC: [2] date() expects parameter 2 to be long, string given D:\wamp\www\tpblog\Application\Runtime\Cache\Admin\b6cf4839fe914acb0a11e87da731a216.php 第 30 行.
INFO: Run Behavior\ParseTemplateBehavior [ RunTime:0.014001s ]
INFO: [ view_parse ] --END-- [ RunTime:0.015001s ]
INFO: [ view_filter ] --START--
INFO: Run Behavior\WriteHtmlCacheBehavior [ RunTime:0.001000s ]
INFO: [ view_filter ] --END-- [ RunTime:0.001000s ]
INFO: [ app_end ] --START--
INFO: Run Behavior\ShowPageTraceBehavior [ RunTime:0.001000s ]
INFO: [ app_end ] --END-- [ RunTime:0.001000s ]

[ 2017-06-05T09:13:37+08:00 ] 192.168.89.165 /Admin/Blog/add.html?pid=29
INFO: [ app_init ] --START--
INFO: Run Behavior\BuildLiteBehavior [ RunTime:0.000000s ]
INFO: [ app_init ] --END-- [ RunTime:0.001000s ]
INFO: [ app_begin ] --START--
INFO: Run Behavior\ReadHtmlCacheBehavior [ RunTime:0.000000s ]
INFO: [ app_begin ] --END-- [ RunTime:0.000000s ]
SQL: SHOW COLUMNS FROM `article` [ RunTime:0.0030s ]
SQL: SELECT * FROM `article` WHERE `pid` = 29 LIMIT 1   [ RunTime:0.0010s ]
INFO: [ view_parse ] --START--
INFO: [ template_filter ] --START--
INFO: Run Behavior\ContentReplaceBehavior [ RunTime:0.000000s ]
INFO: [ template_filter ] --END-- [ RunTime:0.000000s ]
INFO: Run Behavior\ParseTemplateBehavior [ RunTime:0.010000s ]
INFO: [ view_parse ] --END-- [ RunTime:0.010000s ]
INFO: [ view_filter ] --START--
INFO: Run Behavior\WriteHtmlCacheBehavior [ RunTime:0.000000s ]
INFO: [ view_filter ] --END-- [ RunTime:0.000000s ]
INFO: [ app_end ] --START--
INFO: Run Behavior\ShowPageTraceBehavior [ RunTime:0.000000s ]
INFO: [ app_end ] --END-- [ RunTime:0.000000s ]

[ 2017-06-05T09:13:38+08:00 ] 192.168.89.165 /Admin/Blog/save.html?pid=29
INFO: [ app_init ] --START--
INFO: Run Behavior\BuildLiteBehavior [ RunTime:0.000000s ]
INFO: [ app_init ] --END-- [ RunTime:0.001000s ]
INFO: [ app_begin ] --START--
INFO: Run Behavior\ReadHtmlCacheBehavior [ RunTime:0.000000s ]
INFO: [ app_begin ] --END-- [ RunTime:0.000000s ]
SQL: SHOW COLUMNS FROM `article` [ RunTime:0.0030s ]
NOTIC: [8] Undefined index: auto D:\wamp\www\tpblog\ThinkPHP\Library\Think\Model.class.php 第 1128 行.
NOTIC: [8] Undefined variable: auser D:\wamp\www\tpblog\Application\Admin\Controller\BlogController.class.php 第 55 行.
SQL: SELECT * FROM `article` WHERE `ptit` = null AND `pid` <> '29' LIMIT 1   [ RunTime:0.0000s ]
SQL: UPDATE `article` SET `ptit`='江西支持赣江新区基础建设 将建南昌西站至昌北机场轨道快线',`pauthor`='张雁12',`pcontent`='中国江西网南昌讯 记者张雁报道：4日，记者从赣江新区获悉，位于赣江新区的儒乐湖新城一块商业用地最终被底价143万元/亩、折算楼面价477元/㎡、总价1.6亿元拿下，开启儒乐湖新城地块第一拍。而地铁一号线也将顺势北延至机场。

    儒乐湖第一拍地块半年内开工

    从地图上显示，该地块在儒乐湖新城纵一路以东、金水大道以西、南坊东路绿化带以南、横四路以北，位于儒乐湖新城的核心位置，距离赣江新区管委会直线距离约1.5公里。

    根据规划要求，该地块将建设超高层写字楼，六个月内动工，两年后竣工。到2019年，这里将建成赣江新区新地标建筑。

    地铁一号线将北延至昌北机场

    记者从赣江新区了解到，近日，江西省委办公厅、省人民政府办公厅印发《关于支持赣江新区加快发展的若干意见》，提出要将儒乐湖新城建设为滨湖宜居新城。为完善基础设施建设，提前启动昌九高铁前期工作，加快推进城市轨道机场快线的建设，以及地铁一号线北延工程，还将建设新区综合交通枢纽。

    据悉，《南昌市国民经济和社会发展第十三个五年（2016-2020）规划纲要》中曾提出，到2020年，南昌将建3条快速轨道交通线路，支撑南昌城市规模的提升与空间的拓展。

    快线1：主要联系昌北机场枢纽与昌南旧城区火车站枢纽；

    快线2：主要联系西客站枢纽与昌南旧城区火车站枢纽；

    快线3：主要联系昌北机场枢纽、红谷滩与西客站枢纽。

    延长或调整部分线路走向：新增1号线机场延伸线；新增3号线支线、延伸3号线和4号线。

    此次《意见》中提到的城市轨道机场快线即南昌西站至昌北机场轨道快线（机场快线3），将有效打通南昌火车站、西客站、机场及沿线地区的快速通道。

    地铁1号线北延工程即由双港站至昌北机场站，线路长15.7千米，其中高架线11千米，地下线4.7千米，设站6座。

    目前，地铁1号线东延工程已确定2018年开建，2021年通车，东延线路全长4.1公里，将下穿瑶湖，设站2座，分别是瑶湖东站和麻丘站。',`puptime`='1496625218' WHERE `pid` = 29 [ RunTime:0.0070s ]
INFO: [ view_parse ] --START--
INFO: [ template_filter ] --START--
INFO: Run Behavior\ContentReplaceBehavior [ RunTime:0.000000s ]
INFO: [ template_filter ] --END-- [ RunTime:0.001000s ]
INFO: Run Behavior\ParseTemplateBehavior [ RunTime:0.008000s ]
INFO: [ view_parse ] --END-- [ RunTime:0.009000s ]
INFO: [ view_filter ] --START--
INFO: Run Behavior\WriteHtmlCacheBehavior [ RunTime:0.000000s ]
INFO: [ view_filter ] --END-- [ RunTime:0.000000s ]

[ 2017-06-05T09:13:41+08:00 ] 192.168.89.165 /Admin/Blog/index
INFO: [ app_init ] --START--
INFO: Run Behavior\BuildLiteBehavior [ RunTime:0.000000s ]
INFO: [ app_init ] --END-- [ RunTime:0.000000s ]
INFO: [ app_begin ] --START--
INFO: Run Behavior\ReadHtmlCacheBehavior [ RunTime:0.000000s ]
INFO: [ app_begin ] --END-- [ RunTime:0.000000s ]
SQL: SHOW COLUMNS FROM `article` [ RunTime:0.0030s ]
SQL: SELECT * FROM `article` ORDER BY pid DESC  [ RunTime:0.0000s ]
INFO: [ view_parse ] --START--
INFO: [ template_filter ] --START--
INFO: Run Behavior\ContentReplaceBehavior [ RunTime:0.000000s ]
INFO: [ template_filter ] --END-- [ RunTime:0.000000s ]
NOTIC: [2] date() expects parameter 2 to be long, string given D:\wamp\www\tpblog\Application\Runtime\Cache\Admin\b6cf4839fe914acb0a11e87da731a216.php 第 30 行.
NOTIC: [2] date() expects parameter 2 to be long, string given D:\wamp\www\tpblog\Application\Runtime\Cache\Admin\b6cf4839fe914acb0a11e87da731a216.php 第 30 行.
NOTIC: [2] date() expects parameter 2 to be long, string given D:\wamp\www\tpblog\Application\Runtime\Cache\Admin\b6cf4839fe914acb0a11e87da731a216.php 第 30 行.
NOTIC: [2] date() expects parameter 2 to be long, string given D:\wamp\www\tpblog\Application\Runtime\Cache\Admin\b6cf4839fe914acb0a11e87da731a216.php 第 30 行.
NOTIC: [2] date() expects parameter 2 to be long, string given D:\wamp\www\tpblog\Application\Runtime\Cache\Admin\b6cf4839fe914acb0a11e87da731a216.php 第 30 行.
INFO: Run Behavior\ParseTemplateBehavior [ RunTime:0.013000s ]
INFO: [ view_parse ] --END-- [ RunTime:0.014001s ]
INFO: [ view_filter ] --START--
INFO: Run Behavior\WriteHtmlCacheBehavior [ RunTime:0.001000s ]
INFO: [ view_filter ] --END-- [ RunTime:0.001000s ]
INFO: [ app_end ] --START--
INFO: Run Behavior\ShowPageTraceBehavior [ RunTime:0.001000s ]
INFO: [ app_end ] --END-- [ RunTime:0.001000s ]

[ 2017-06-05T09:13:44+08:00 ] 192.168.89.165 /Admin/Blog/add.html?pid=29
INFO: [ app_init ] --START--
INFO: Run Behavior\BuildLiteBehavior [ RunTime:0.000000s ]
INFO: [ app_init ] --END-- [ RunTime:0.000000s ]
INFO: [ app_begin ] --START--
INFO: Run Behavior\ReadHtmlCacheBehavior [ RunTime:0.000000s ]
INFO: [ app_begin ] --END-- [ RunTime:0.000000s ]
SQL: SHOW COLUMNS FROM `article` [ RunTime:0.0030s ]
SQL: SELECT * FROM `article` WHERE `pid` = 29 LIMIT 1   [ RunTime:0.0010s ]
INFO: [ view_parse ] --START--
INFO: [ template_filter ] --START--
INFO: Run Behavior\ContentReplaceBehavior [ RunTime:0.000000s ]
INFO: [ template_filter ] --END-- [ RunTime:0.000000s ]
INFO: Run Behavior\ParseTemplateBehavior [ RunTime:0.009001s ]
INFO: [ view_parse ] --END-- [ RunTime:0.010001s ]
INFO: [ view_filter ] --START--
INFO: Run Behavior\WriteHtmlCacheBehavior [ RunTime:0.001000s ]
INFO: [ view_filter ] --END-- [ RunTime:0.001000s ]
INFO: [ app_end ] --START--
INFO: Run Behavior\ShowPageTraceBehavior [ RunTime:0.001000s ]
INFO: [ app_end ] --END-- [ RunTime:0.001000s ]

[ 2017-06-05T09:14:25+08:00 ] 192.168.89.165 /Admin/Blog/index.html
INFO: [ app_init ] --START--
INFO: Run Behavior\BuildLiteBehavior [ RunTime:0.001000s ]
INFO: [ app_init ] --END-- [ RunTime:0.001000s ]
INFO: [ app_begin ] --START--
INFO: Run Behavior\ReadHtmlCacheBehavior [ RunTime:0.000000s ]
INFO: [ app_begin ] --END-- [ RunTime:0.000000s ]
SQL: SHOW COLUMNS FROM `article` [ RunTime:0.0040s ]
SQL: SELECT * FROM `article` ORDER BY pid DESC  [ RunTime:0.0010s ]
INFO: [ view_parse ] --START--
INFO: [ template_filter ] --START--
INFO: Run Behavior\ContentReplaceBehavior [ RunTime:0.000000s ]
INFO: [ template_filter ] --END-- [ RunTime:0.001000s ]
NOTIC: [2] date() expects parameter 2 to be long, string given D:\wamp\www\tpblog\Application\Runtime\Cache\Admin\b6cf4839fe914acb0a11e87da731a216.php 第 30 行.
NOTIC: [2] date() expects parameter 2 to be long, string given D:\wamp\www\tpblog\Application\Runtime\Cache\Admin\b6cf4839fe914acb0a11e87da731a216.php 第 30 行.
NOTIC: [2] date() expects parameter 2 to be long, string given D:\wamp\www\tpblog\Application\Runtime\Cache\Admin\b6cf4839fe914acb0a11e87da731a216.php 第 30 行.
NOTIC: [2] date() expects parameter 2 to be long, string given D:\wamp\www\tpblog\Application\Runtime\Cache\Admin\b6cf4839fe914acb0a11e87da731a216.php 第 30 行.
NOTIC: [2] date() expects parameter 2 to be long, string given D:\wamp\www\tpblog\Application\Runtime\Cache\Admin\b6cf4839fe914acb0a11e87da731a216.php 第 30 行.
INFO: Run Behavior\ParseTemplateBehavior [ RunTime:0.015001s ]
INFO: [ view_parse ] --END-- [ RunTime:0.015001s ]
INFO: [ view_filter ] --START--
INFO: Run Behavior\WriteHtmlCacheBehavior [ RunTime:0.001000s ]
INFO: [ view_filter ] --END-- [ RunTime:0.001000s ]
INFO: [ app_end ] --START--
INFO: Run Behavior\ShowPageTraceBehavior [ RunTime:0.001000s ]
INFO: [ app_end ] --END-- [ RunTime:0.001000s ]

[ 2017-06-05T09:14:26+08:00 ] 192.168.89.165 /Admin/Blog/add.html
INFO: [ app_init ] --START--
INFO: Run Behavior\BuildLiteBehavior [ RunTime:0.000000s ]
INFO: [ app_init ] --END-- [ RunTime:0.000000s ]
INFO: [ app_begin ] --START--
INFO: Run Behavior\ReadHtmlCacheBehavior [ RunTime:0.001000s ]
INFO: [ app_begin ] --END-- [ RunTime:0.001000s ]
SQL: SHOW COLUMNS FROM `article` [ RunTime:0.0030s ]
INFO: [ view_parse ] --START--
INFO: [ template_filter ] --START--
INFO: Run Behavior\ContentReplaceBehavior [ RunTime:0.000000s ]
INFO: [ template_filter ] --END-- [ RunTime:0.000000s ]
NOTIC: [8] Undefined index: pid D:\wamp\www\tpblog\Application\Runtime\Cache\Admin\c5864232a29c87a4b59c3a5e32c366ad.php 第 20 行.
INFO: Run Behavior\ParseTemplateBehavior [ RunTime:0.013000s ]
INFO: [ view_parse ] --END-- [ RunTime:0.013000s ]
INFO: [ view_filter ] --START--
INFO: Run Behavior\WriteHtmlCacheBehavior [ RunTime:0.001000s ]
INFO: [ view_filter ] --END-- [ RunTime:0.001000s ]
INFO: [ app_end ] --START--
INFO: Run Behavior\ShowPageTraceBehavior [ RunTime:0.001000s ]
INFO: [ app_end ] --END-- [ RunTime:0.001000s ]

[ 2017-06-05T09:14:45+08:00 ] 192.168.89.165 /Admin/Blog/add.html?pid=27
INFO: [ app_init ] --START--
INFO: Run Behavior\BuildLiteBehavior [ RunTime:0.000000s ]
INFO: [ app_init ] --END-- [ RunTime:0.001000s ]
INFO: [ app_begin ] --START--
INFO: Run Behavior\ReadHtmlCacheBehavior [ RunTime:0.000000s ]
INFO: [ app_begin ] --END-- [ RunTime:0.000000s ]
SQL: SHOW COLUMNS FROM `article` [ RunTime:0.0040s ]
SQL: SELECT * FROM `article` WHERE `pid` = 27 LIMIT 1   [ RunTime:0.0000s ]
INFO: [ view_parse ] --START--
INFO: [ template_filter ] --START--
INFO: Run Behavior\ContentReplaceBehavior [ RunTime:0.000000s ]
INFO: [ template_filter ] --END-- [ RunTime:0.000000s ]
INFO: Run Behavior\ParseTemplateBehavior [ RunTime:0.009001s ]
INFO: [ view_parse ] --END-- [ RunTime:0.009001s ]
INFO: [ view_filter ] --START--
INFO: Run Behavior\WriteHtmlCacheBehavior [ RunTime:0.001000s ]
INFO: [ view_filter ] --END-- [ RunTime:0.001000s ]
INFO: [ app_end ] --START--
INFO: Run Behavior\ShowPageTraceBehavior [ RunTime:0.001000s ]
INFO: [ app_end ] --END-- [ RunTime:0.001000s ]

[ 2017-06-05T09:16:41+08:00 ] 192.168.89.165 /Admin/Blog/index.html
INFO: [ app_init ] --START--
INFO: Run Behavior\BuildLiteBehavior [ RunTime:0.000000s ]
INFO: [ app_init ] --END-- [ RunTime:0.000000s ]
INFO: [ app_begin ] --START--
INFO: Run Behavior\ReadHtmlCacheBehavior [ RunTime:0.000000s ]
INFO: [ app_begin ] --END-- [ RunTime:0.000000s ]
SQL: SHOW COLUMNS FROM `article` [ RunTime:0.0030s ]
SQL: SELECT * FROM `article` ORDER BY pid DESC  [ RunTime:0.0010s ]
INFO: [ view_parse ] --START--
INFO: [ template_filter ] --START--
INFO: Run Behavior\ContentReplaceBehavior [ RunTime:0.000000s ]
INFO: [ template_filter ] --END-- [ RunTime:0.001000s ]
NOTIC: [2] date() expects parameter 2 to be long, string given D:\wamp\www\tpblog\Application\Runtime\Cache\Admin\b6cf4839fe914acb0a11e87da731a216.php 第 30 行.
NOTIC: [2] date() expects parameter 2 to be long, string given D:\wamp\www\tpblog\Application\Runtime\Cache\Admin\b6cf4839fe914acb0a11e87da731a216.php 第 30 行.
NOTIC: [2] date() expects parameter 2 to be long, string given D:\wamp\www\tpblog\Application\Runtime\Cache\Admin\b6cf4839fe914acb0a11e87da731a216.php 第 30 行.
NOTIC: [2] date() expects parameter 2 to be long, string given D:\wamp\www\tpblog\Application\Runtime\Cache\Admin\b6cf4839fe914acb0a11e87da731a216.php 第 30 行.
NOTIC: [2] date() expects parameter 2 to be long, string given D:\wamp\www\tpblog\Application\Runtime\Cache\Admin\b6cf4839fe914acb0a11e87da731a216.php 第 30 行.
INFO: Run Behavior\ParseTemplateBehavior [ RunTime:0.013001s ]
INFO: [ view_parse ] --END-- [ RunTime:0.014001s ]
INFO: [ view_filter ] --START--
INFO: Run Behavior\WriteHtmlCacheBehavior [ RunTime:0.000000s ]
INFO: [ view_filter ] --END-- [ RunTime:0.000000s ]
INFO: [ app_end ] --START--
INFO: Run Behavior\ShowPageTraceBehavior [ RunTime:0.000000s ]
INFO: [ app_end ] --END-- [ RunTime:0.000000s ]

[ 2017-06-05T09:16:43+08:00 ] 192.168.89.165 /Admin/Login/loginout.html
INFO: [ app_init ] --START--
INFO: Run Behavior\BuildLiteBehavior [ RunTime:0.000000s ]
INFO: [ app_init ] --END-- [ RunTime:0.001000s ]
INFO: [ app_begin ] --START--
INFO: Run Behavior\ReadHtmlCacheBehavior [ RunTime:0.001000s ]
INFO: [ app_begin ] --END-- [ RunTime:0.001000s ]
INFO: [ view_parse ] --START--
INFO: [ template_filter ] --START--
INFO: Run Behavior\ContentReplaceBehavior [ RunTime:0.000000s ]
INFO: [ template_filter ] --END-- [ RunTime:0.000000s ]
INFO: Run Behavior\ParseTemplateBehavior [ RunTime:0.009001s ]
INFO: [ view_parse ] --END-- [ RunTime:0.009001s ]
INFO: [ view_filter ] --START--
INFO: Run Behavior\WriteHtmlCacheBehavior [ RunTime:0.000000s ]
INFO: [ view_filter ] --END-- [ RunTime:0.000000s ]
INFO: [ app_end ] --START--
INFO: Run Behavior\ShowPageTraceBehavior [ RunTime:0.000000s ]
INFO: [ app_end ] --END-- [ RunTime:0.000000s ]

[ 2017-06-05T09:16:44+08:00 ] 192.168.89.165 /Admin/Login/index
INFO: [ app_init ] --START--
INFO: Run Behavior\BuildLiteBehavior [ RunTime:0.000000s ]
INFO: [ app_init ] --END-- [ RunTime:0.000000s ]
INFO: [ app_begin ] --START--
INFO: Run Behavior\ReadHtmlCacheBehavior [ RunTime:0.001000s ]
INFO: [ app_begin ] --END-- [ RunTime:0.001000s ]
INFO: [ view_parse ] --START--
INFO: [ template_filter ] --START--
INFO: Run Behavior\ContentReplaceBehavior [ RunTime:0.000000s ]
INFO: [ template_filter ] --END-- [ RunTime:0.000000s ]
INFO: Run Behavior\ParseTemplateBehavior [ RunTime:0.008001s ]
INFO: [ view_parse ] --END-- [ RunTime:0.009001s ]
INFO: [ view_filter ] --START--
INFO: Run Behavior\WriteHtmlCacheBehavior [ RunTime:0.000000s ]
INFO: [ view_filter ] --END-- [ RunTime:0.000000s ]
INFO: [ app_end ] --START--
INFO: Run Behavior\ShowPageTraceBehavior [ RunTime:0.001000s ]
INFO: [ app_end ] --END-- [ RunTime:0.001000s ]

