[ 2017-06-07T13:51:20+08:00 ] 192.168.89.165 /Admin
INFO: [ app_init ] --START--
INFO: Run Behavior\BuildLiteBehavior [ RunTime:0.000000s ]
INFO: [ app_init ] --END-- [ RunTime:0.001000s ]
INFO: [ app_begin ] --START--
INFO: Run Behavior\ReadHtmlCacheBehavior [ RunTime:0.001000s ]
INFO: [ app_begin ] --END-- [ RunTime:0.001000s ]
INFO: [ view_parse ] --START--
INFO: [ template_filter ] --START--
INFO: Run Behavior\ContentReplaceBehavior [ RunTime:0.001000s ]
INFO: [ template_filter ] --END-- [ RunTime:0.001000s ]
INFO: Run Behavior\ParseTemplateBehavior [ RunTime:0.011001s ]
INFO: [ view_parse ] --END-- [ RunTime:0.011001s ]
INFO: [ view_filter ] --START--
INFO: Run Behavior\WriteHtmlCacheBehavior [ RunTime:0.000000s ]
INFO: [ view_filter ] --END-- [ RunTime:0.002000s ]
INFO: [ app_end ] --START--
INFO: Run Behavior\ShowPageTraceBehavior [ RunTime:0.001000s ]
INFO: [ app_end ] --END-- [ RunTime:0.001000s ]

[ 2017-06-07T13:51:24+08:00 ] 192.168.89.165 /Admin/Login/loginout.html
INFO: [ app_init ] --START--
INFO: Run Behavior\BuildLiteBehavior [ RunTime:0.000000s ]
INFO: [ app_init ] --END-- [ RunTime:0.000000s ]
INFO: [ app_begin ] --START--
INFO: Run Behavior\ReadHtmlCacheBehavior [ RunTime:0.001000s ]
INFO: [ app_begin ] --END-- [ RunTime:0.001000s ]
INFO: [ view_parse ] --START--
INFO: [ template_filter ] --START--
INFO: Run Behavior\ContentReplaceBehavior [ RunTime:0.000000s ]
INFO: [ template_filter ] --END-- [ RunTime:0.000000s ]
INFO: Run Behavior\ParseTemplateBehavior [ RunTime:0.010000s ]
INFO: [ view_parse ] --END-- [ RunTime:0.010000s ]
INFO: [ view_filter ] --START--
INFO: Run Behavior\WriteHtmlCacheBehavior [ RunTime:0.000000s ]
INFO: [ view_filter ] --END-- [ RunTime:0.000000s ]
INFO: [ app_end ] --START--
INFO: Run Behavior\ShowPageTraceBehavior [ RunTime:0.000000s ]
INFO: [ app_end ] --END-- [ RunTime:0.000000s ]

[ 2017-06-07T13:51:25+08:00 ] 192.168.89.165 /Admin/Login/index
INFO: [ app_init ] --START--
INFO: Run Behavior\BuildLiteBehavior [ RunTime:0.000000s ]
INFO: [ app_init ] --END-- [ RunTime:0.001000s ]
INFO: [ app_begin ] --START--
INFO: Run Behavior\ReadHtmlCacheBehavior [ RunTime:0.000000s ]
INFO: [ app_begin ] --END-- [ RunTime:0.001000s ]
INFO: [ view_parse ] --START--
INFO: [ template_filter ] --START--
INFO: Run Behavior\ContentReplaceBehavior [ RunTime:0.000000s ]
INFO: [ template_filter ] --END-- [ RunTime:0.000000s ]
INFO: Run Behavior\ParseTemplateBehavior [ RunTime:0.009001s ]
INFO: [ view_parse ] --END-- [ RunTime:0.009001s ]
INFO: [ view_filter ] --START--
INFO: Run Behavior\WriteHtmlCacheBehavior [ RunTime:0.000000s ]
INFO: [ view_filter ] --END-- [ RunTime:0.001000s ]
INFO: [ app_end ] --START--
INFO: Run Behavior\ShowPageTraceBehavior [ RunTime:0.001000s ]
INFO: [ app_end ] --END-- [ RunTime:0.001000s ]

[ 2017-06-07T13:51:28+08:00 ] 192.168.89.165 /Admin/Login/index/do/chk.html
INFO: [ app_init ] --START--
INFO: Run Behavior\BuildLiteBehavior [ RunTime:0.000000s ]
INFO: [ app_init ] --END-- [ RunTime:0.001000s ]
INFO: [ app_begin ] --START--
INFO: Run Behavior\ReadHtmlCacheBehavior [ RunTime:0.000000s ]
INFO: [ app_begin ] --END-- [ RunTime:0.000000s ]
SQL: SHOW COLUMNS FROM `admin` [ RunTime:0.0050s ]
SQL: SELECT * FROM `admin` WHERE `auser` = 'admin' AND `apass` = 'admin' LIMIT 1   [ RunTime:0.0010s ]
INFO: [ view_parse ] --START--
INFO: [ template_filter ] --START--
INFO: Run Behavior\ContentReplaceBehavior [ RunTime:0.001000s ]
INFO: [ template_filter ] --END-- [ RunTime:0.001000s ]
INFO: Run Behavior\ParseTemplateBehavior [ RunTime:0.008001s ]
INFO: [ view_parse ] --END-- [ RunTime:0.008001s ]
INFO: [ view_filter ] --START--
INFO: Run Behavior\WriteHtmlCacheBehavior [ RunTime:0.000000s ]
INFO: [ view_filter ] --END-- [ RunTime:0.001000s ]
INFO: [ app_end ] --START--
INFO: Run Behavior\ShowPageTraceBehavior [ RunTime:0.001000s ]
INFO: [ app_end ] --END-- [ RunTime:0.001000s ]

[ 2017-06-07T13:51:29+08:00 ] 192.168.89.165 /Admin/Index/index
INFO: [ app_init ] --START--
INFO: Run Behavior\BuildLiteBehavior [ RunTime:0.000000s ]
INFO: [ app_init ] --END-- [ RunTime:0.000000s ]
INFO: [ app_begin ] --START--
INFO: Run Behavior\ReadHtmlCacheBehavior [ RunTime:0.001000s ]
INFO: [ app_begin ] --END-- [ RunTime:0.001000s ]
INFO: [ view_parse ] --START--
INFO: [ template_filter ] --START--
INFO: Run Behavior\ContentReplaceBehavior [ RunTime:0.000000s ]
INFO: [ template_filter ] --END-- [ RunTime:0.000000s ]
INFO: Run Behavior\ParseTemplateBehavior [ RunTime:0.008001s ]
INFO: [ view_parse ] --END-- [ RunTime:0.008001s ]
INFO: [ view_filter ] --START--
INFO: Run Behavior\WriteHtmlCacheBehavior [ RunTime:0.001000s ]
INFO: [ view_filter ] --END-- [ RunTime:0.001000s ]
INFO: [ app_end ] --START--
INFO: Run Behavior\ShowPageTraceBehavior [ RunTime:0.001000s ]
INFO: [ app_end ] --END-- [ RunTime:0.001000s ]

[ 2017-06-07T13:51:30+08:00 ] 192.168.89.165 /Admin/Blog/index.html
INFO: [ app_init ] --START--
INFO: Run Behavior\BuildLiteBehavior [ RunTime:0.000000s ]
INFO: [ app_init ] --END-- [ RunTime:0.001000s ]
INFO: [ app_begin ] --START--
INFO: Run Behavior\ReadHtmlCacheBehavior [ RunTime:0.000000s ]
INFO: [ app_begin ] --END-- [ RunTime:0.000000s ]
SQL: SHOW COLUMNS FROM `article` [ RunTime:0.0110s ]
SQL: SELECT * FROM `article` ORDER BY pid DESC  [ RunTime:0.0010s ]
SQL: SELECT COUNT(*) AS tp_count FROM `article` LIMIT 1   [ RunTime:0.0000s ]

[ 2017-06-07T13:52:50+08:00 ] 192.168.89.165 /Admin/Blog/index.html
INFO: [ app_init ] --START--
INFO: Run Behavior\BuildLiteBehavior [ RunTime:0.001000s ]
INFO: [ app_init ] --END-- [ RunTime:0.001000s ]
INFO: [ app_begin ] --START--
INFO: Run Behavior\ReadHtmlCacheBehavior [ RunTime:0.000000s ]
INFO: [ app_begin ] --END-- [ RunTime:0.001000s ]
SQL: SHOW COLUMNS FROM `article` [ RunTime:0.0030s ]
SQL: SELECT * FROM `article` ORDER BY pid DESC  [ RunTime:0.0010s ]
SQL: SELECT COUNT(*) AS tp_count FROM `article` LIMIT 1   [ RunTime:0.0000s ]

[ 2017-06-07T13:53:32+08:00 ] 192.168.89.165 /Admin/Blog/index.html
INFO: [ app_init ] --START--
INFO: Run Behavior\BuildLiteBehavior [ RunTime:0.000000s ]
INFO: [ app_init ] --END-- [ RunTime:0.001000s ]
INFO: [ app_begin ] --START--
INFO: Run Behavior\ReadHtmlCacheBehavior [ RunTime:0.001000s ]
INFO: [ app_begin ] --END-- [ RunTime:0.001000s ]
SQL: SHOW COLUMNS FROM `article` [ RunTime:0.0040s ]
SQL: SELECT * FROM `article` ORDER BY pid DESC  [ RunTime:0.0000s ]
SQL: SELECT COUNT(*) AS tp_count FROM `article` LIMIT 1   [ RunTime:0.0000s ]

[ 2017-06-07T13:53:33+08:00 ] 192.168.89.165 /Admin/Blog/index.html
INFO: [ app_init ] --START--
INFO: Run Behavior\BuildLiteBehavior [ RunTime:0.000000s ]
INFO: [ app_init ] --END-- [ RunTime:0.000000s ]
INFO: [ app_begin ] --START--
INFO: Run Behavior\ReadHtmlCacheBehavior [ RunTime:0.001000s ]
INFO: [ app_begin ] --END-- [ RunTime:0.001000s ]
SQL: SHOW COLUMNS FROM `article` [ RunTime:0.0040s ]
SQL: SELECT * FROM `article` ORDER BY pid DESC  [ RunTime:0.0000s ]
SQL: SELECT COUNT(*) AS tp_count FROM `article` LIMIT 1   [ RunTime:0.0000s ]

[ 2017-06-07T13:53:33+08:00 ] 192.168.89.165 /Admin/Blog/index.html
INFO: [ app_init ] --START--
INFO: Run Behavior\BuildLiteBehavior [ RunTime:0.000000s ]
INFO: [ app_init ] --END-- [ RunTime:0.001000s ]
INFO: [ app_begin ] --START--
INFO: Run Behavior\ReadHtmlCacheBehavior [ RunTime:0.001000s ]
INFO: [ app_begin ] --END-- [ RunTime:0.001000s ]
SQL: SHOW COLUMNS FROM `article` [ RunTime:0.0040s ]
SQL: SELECT * FROM `article` ORDER BY pid DESC  [ RunTime:0.0010s ]
SQL: SELECT COUNT(*) AS tp_count FROM `article` LIMIT 1   [ RunTime:0.0010s ]

[ 2017-06-07T13:53:33+08:00 ] 192.168.89.165 /Admin/Blog/index.html
INFO: [ app_init ] --START--
INFO: Run Behavior\BuildLiteBehavior [ RunTime:0.000000s ]
INFO: [ app_init ] --END-- [ RunTime:0.001000s ]
INFO: [ app_begin ] --START--
INFO: Run Behavior\ReadHtmlCacheBehavior [ RunTime:0.000000s ]
INFO: [ app_begin ] --END-- [ RunTime:0.001000s ]
SQL: SHOW COLUMNS FROM `article` [ RunTime:0.0040s ]
SQL: SELECT * FROM `article` ORDER BY pid DESC  [ RunTime:0.0000s ]
SQL: SELECT COUNT(*) AS tp_count FROM `article` LIMIT 1   [ RunTime:0.0000s ]

[ 2017-06-07T13:57:42+08:00 ] 192.168.89.165 /Admin/Blog/index.html
INFO: [ app_init ] --START--
INFO: Run Behavior\BuildLiteBehavior [ RunTime:0.000000s ]
INFO: [ app_init ] --END-- [ RunTime:0.001000s ]
INFO: [ app_begin ] --START--
INFO: Run Behavior\ReadHtmlCacheBehavior [ RunTime:0.001000s ]
INFO: [ app_begin ] --END-- [ RunTime:0.002000s ]
SQL: SHOW COLUMNS FROM `article` [ RunTime:0.0030s ]
SQL: SELECT * FROM `article` ORDER BY pid DESC  [ RunTime:0.0010s ]
SQL: SELECT COUNT(*) AS tp_count FROM `article` LIMIT 1   [ RunTime:0.0010s ]
INFO: [ view_parse ] --START--
INFO: [ template_filter ] --START--
INFO: Run Behavior\ContentReplaceBehavior [ RunTime:0.000000s ]
INFO: [ template_filter ] --END-- [ RunTime:0.000000s ]
NOTIC: [2] date() expects parameter 2 to be long, string given D:\wamp\www\tpblog\Application\Runtime\Cache\Admin\b6cf4839fe914acb0a11e87da731a216.php 第 30 行.
NOTIC: [2] date() expects parameter 2 to be long, string given D:\wamp\www\tpblog\Application\Runtime\Cache\Admin\b6cf4839fe914acb0a11e87da731a216.php 第 30 行.
NOTIC: [2] date() expects parameter 2 to be long, string given D:\wamp\www\tpblog\Application\Runtime\Cache\Admin\b6cf4839fe914acb0a11e87da731a216.php 第 30 行.
NOTIC: [2] date() expects parameter 2 to be long, string given D:\wamp\www\tpblog\Application\Runtime\Cache\Admin\b6cf4839fe914acb0a11e87da731a216.php 第 30 行.
NOTIC: [2] date() expects parameter 2 to be long, string given D:\wamp\www\tpblog\Application\Runtime\Cache\Admin\b6cf4839fe914acb0a11e87da731a216.php 第 30 行.
INFO: Run Behavior\ParseTemplateBehavior [ RunTime:0.015001s ]
INFO: [ view_parse ] --END-- [ RunTime:0.015001s ]
INFO: [ view_filter ] --START--
INFO: Run Behavior\WriteHtmlCacheBehavior [ RunTime:0.001000s ]
INFO: [ view_filter ] --END-- [ RunTime:0.001000s ]
INFO: [ app_end ] --START--
INFO: Run Behavior\ShowPageTraceBehavior [ RunTime:0.001000s ]
INFO: [ app_end ] --END-- [ RunTime:0.001000s ]

[ 2017-06-07T13:57:45+08:00 ] 192.168.89.165 /Admin/Blog/index/p/4.html
INFO: [ app_init ] --START--
INFO: Run Behavior\BuildLiteBehavior [ RunTime:0.000000s ]
INFO: [ app_init ] --END-- [ RunTime:0.001000s ]
INFO: [ app_begin ] --START--
INFO: Run Behavior\ReadHtmlCacheBehavior [ RunTime:0.000000s ]
INFO: [ app_begin ] --END-- [ RunTime:0.000000s ]
SQL: SHOW COLUMNS FROM `article` [ RunTime:0.0030s ]
SQL: SELECT * FROM `article` ORDER BY pid DESC  [ RunTime:0.0010s ]
SQL: SELECT COUNT(*) AS tp_count FROM `article` LIMIT 1   [ RunTime:0.0010s ]
INFO: [ view_parse ] --START--
INFO: [ template_filter ] --START--
INFO: Run Behavior\ContentReplaceBehavior [ RunTime:0.000000s ]
INFO: [ template_filter ] --END-- [ RunTime:0.000000s ]
NOTIC: [2] date() expects parameter 2 to be long, string given D:\wamp\www\tpblog\Application\Runtime\Cache\Admin\b6cf4839fe914acb0a11e87da731a216.php 第 30 行.
NOTIC: [2] date() expects parameter 2 to be long, string given D:\wamp\www\tpblog\Application\Runtime\Cache\Admin\b6cf4839fe914acb0a11e87da731a216.php 第 30 行.
NOTIC: [2] date() expects parameter 2 to be long, string given D:\wamp\www\tpblog\Application\Runtime\Cache\Admin\b6cf4839fe914acb0a11e87da731a216.php 第 30 行.
NOTIC: [2] date() expects parameter 2 to be long, string given D:\wamp\www\tpblog\Application\Runtime\Cache\Admin\b6cf4839fe914acb0a11e87da731a216.php 第 30 行.
NOTIC: [2] date() expects parameter 2 to be long, string given D:\wamp\www\tpblog\Application\Runtime\Cache\Admin\b6cf4839fe914acb0a11e87da731a216.php 第 30 行.
INFO: Run Behavior\ParseTemplateBehavior [ RunTime:0.014001s ]
INFO: [ view_parse ] --END-- [ RunTime:0.014001s ]
INFO: [ view_filter ] --START--
INFO: Run Behavior\WriteHtmlCacheBehavior [ RunTime:0.000000s ]
INFO: [ view_filter ] --END-- [ RunTime:0.000000s ]
INFO: [ app_end ] --START--
INFO: Run Behavior\ShowPageTraceBehavior [ RunTime:0.000000s ]
INFO: [ app_end ] --END-- [ RunTime:0.001000s ]

[ 2017-06-07T13:57:47+08:00 ] 192.168.89.165 /Admin/Blog/index/p/5.html
INFO: [ app_init ] --START--
INFO: Run Behavior\BuildLiteBehavior [ RunTime:0.000000s ]
INFO: [ app_init ] --END-- [ RunTime:0.001000s ]
INFO: [ app_begin ] --START--
INFO: Run Behavior\ReadHtmlCacheBehavior [ RunTime:0.000000s ]
INFO: [ app_begin ] --END-- [ RunTime:0.001000s ]
SQL: SHOW COLUMNS FROM `article` [ RunTime:0.0040s ]
SQL: SELECT * FROM `article` ORDER BY pid DESC  [ RunTime:0.0000s ]
SQL: SELECT COUNT(*) AS tp_count FROM `article` LIMIT 1   [ RunTime:0.0000s ]
INFO: [ view_parse ] --START--
INFO: [ template_filter ] --START--
INFO: Run Behavior\ContentReplaceBehavior [ RunTime:0.000000s ]
INFO: [ template_filter ] --END-- [ RunTime:0.000000s ]
NOTIC: [2] date() expects parameter 2 to be long, string given D:\wamp\www\tpblog\Application\Runtime\Cache\Admin\b6cf4839fe914acb0a11e87da731a216.php 第 30 行.
NOTIC: [2] date() expects parameter 2 to be long, string given D:\wamp\www\tpblog\Application\Runtime\Cache\Admin\b6cf4839fe914acb0a11e87da731a216.php 第 30 行.
NOTIC: [2] date() expects parameter 2 to be long, string given D:\wamp\www\tpblog\Application\Runtime\Cache\Admin\b6cf4839fe914acb0a11e87da731a216.php 第 30 行.
NOTIC: [2] date() expects parameter 2 to be long, string given D:\wamp\www\tpblog\Application\Runtime\Cache\Admin\b6cf4839fe914acb0a11e87da731a216.php 第 30 行.
NOTIC: [2] date() expects parameter 2 to be long, string given D:\wamp\www\tpblog\Application\Runtime\Cache\Admin\b6cf4839fe914acb0a11e87da731a216.php 第 30 行.
INFO: Run Behavior\ParseTemplateBehavior [ RunTime:0.013000s ]
INFO: [ view_parse ] --END-- [ RunTime:0.013000s ]
INFO: [ view_filter ] --START--
INFO: Run Behavior\WriteHtmlCacheBehavior [ RunTime:0.000000s ]
INFO: [ view_filter ] --END-- [ RunTime:0.000000s ]
INFO: [ app_end ] --START--
INFO: Run Behavior\ShowPageTraceBehavior [ RunTime:0.000000s ]
INFO: [ app_end ] --END-- [ RunTime:0.000000s ]

[ 2017-06-07T13:59:39+08:00 ] 192.168.89.165 /Admin/Blog/index/p/5.html
INFO: [ app_init ] --START--
INFO: Run Behavior\BuildLiteBehavior [ RunTime:0.000000s ]
INFO: [ app_init ] --END-- [ RunTime:0.001000s ]
INFO: [ app_begin ] --START--
INFO: Run Behavior\ReadHtmlCacheBehavior [ RunTime:0.001000s ]
INFO: [ app_begin ] --END-- [ RunTime:0.001000s ]
SQL: SHOW COLUMNS FROM `article` [ RunTime:0.0040s ]
SQL: SELECT * FROM `article` ORDER BY pid DESC  [ RunTime:0.0000s ]
SQL: SELECT COUNT(*) AS tp_count FROM `article` LIMIT 1   [ RunTime:0.0000s ]
INFO: [ view_parse ] --START--
INFO: [ template_filter ] --START--
INFO: Run Behavior\ContentReplaceBehavior [ RunTime:0.000000s ]
INFO: [ template_filter ] --END-- [ RunTime:0.000000s ]
NOTIC: [2] date() expects parameter 2 to be long, string given D:\wamp\www\tpblog\Application\Runtime\Cache\Admin\b6cf4839fe914acb0a11e87da731a216.php 第 30 行.
NOTIC: [2] date() expects parameter 2 to be long, string given D:\wamp\www\tpblog\Application\Runtime\Cache\Admin\b6cf4839fe914acb0a11e87da731a216.php 第 30 行.
NOTIC: [2] date() expects parameter 2 to be long, string given D:\wamp\www\tpblog\Application\Runtime\Cache\Admin\b6cf4839fe914acb0a11e87da731a216.php 第 30 行.
NOTIC: [2] date() expects parameter 2 to be long, string given D:\wamp\www\tpblog\Application\Runtime\Cache\Admin\b6cf4839fe914acb0a11e87da731a216.php 第 30 行.
NOTIC: [2] date() expects parameter 2 to be long, string given D:\wamp\www\tpblog\Application\Runtime\Cache\Admin\b6cf4839fe914acb0a11e87da731a216.php 第 30 行.
INFO: Run Behavior\ParseTemplateBehavior [ RunTime:0.015001s ]
INFO: [ view_parse ] --END-- [ RunTime:0.015001s ]
INFO: [ view_filter ] --START--
INFO: Run Behavior\WriteHtmlCacheBehavior [ RunTime:0.001000s ]
INFO: [ view_filter ] --END-- [ RunTime:0.001000s ]
INFO: [ app_end ] --START--
INFO: Run Behavior\ShowPageTraceBehavior [ RunTime:0.001000s ]
INFO: [ app_end ] --END-- [ RunTime:0.001000s ]

[ 2017-06-07T14:00:03+08:00 ] 192.168.89.165 /Admin/Blog/index/p/5.html
INFO: [ app_init ] --START--
INFO: Run Behavior\BuildLiteBehavior [ RunTime:0.000000s ]
INFO: [ app_init ] --END-- [ RunTime:0.001000s ]
INFO: [ app_begin ] --START--
INFO: Run Behavior\ReadHtmlCacheBehavior [ RunTime:0.000000s ]
INFO: [ app_begin ] --END-- [ RunTime:0.001000s ]
SQL: SHOW COLUMNS FROM `article` [ RunTime:0.0030s ]
SQL: SELECT * FROM `article` ORDER BY pid DESC  [ RunTime:0.0010s ]
SQL: SELECT COUNT(*) AS tp_count FROM `article` LIMIT 1   [ RunTime:0.0010s ]
INFO: [ view_parse ] --START--
INFO: [ template_filter ] --START--
INFO: Run Behavior\ContentReplaceBehavior [ RunTime:0.000000s ]
INFO: [ template_filter ] --END-- [ RunTime:0.001000s ]
NOTIC: [2] date() expects parameter 2 to be long, string given D:\wamp\www\tpblog\Application\Runtime\Cache\Admin\b6cf4839fe914acb0a11e87da731a216.php 第 30 行.
NOTIC: [2] date() expects parameter 2 to be long, string given D:\wamp\www\tpblog\Application\Runtime\Cache\Admin\b6cf4839fe914acb0a11e87da731a216.php 第 30 行.
NOTIC: [2] date() expects parameter 2 to be long, string given D:\wamp\www\tpblog\Application\Runtime\Cache\Admin\b6cf4839fe914acb0a11e87da731a216.php 第 30 行.
NOTIC: [2] date() expects parameter 2 to be long, string given D:\wamp\www\tpblog\Application\Runtime\Cache\Admin\b6cf4839fe914acb0a11e87da731a216.php 第 30 行.
NOTIC: [2] date() expects parameter 2 to be long, string given D:\wamp\www\tpblog\Application\Runtime\Cache\Admin\b6cf4839fe914acb0a11e87da731a216.php 第 30 行.
INFO: Run Behavior\ParseTemplateBehavior [ RunTime:0.015001s ]
INFO: [ view_parse ] --END-- [ RunTime:0.015001s ]
INFO: [ view_filter ] --START--
INFO: Run Behavior\WriteHtmlCacheBehavior [ RunTime:0.000000s ]
INFO: [ view_filter ] --END-- [ RunTime:0.000000s ]
INFO: [ app_end ] --START--
INFO: Run Behavior\ShowPageTraceBehavior [ RunTime:0.001000s ]
INFO: [ app_end ] --END-- [ RunTime:0.001000s ]

[ 2017-06-07T14:00:35+08:00 ] 192.168.89.165 /Admin/Blog/index/p/5.html
INFO: [ app_init ] --START--
INFO: Run Behavior\BuildLiteBehavior [ RunTime:0.000000s ]
INFO: [ app_init ] --END-- [ RunTime:0.001000s ]
INFO: [ app_begin ] --START--
INFO: Run Behavior\ReadHtmlCacheBehavior [ RunTime:0.001000s ]
INFO: [ app_begin ] --END-- [ RunTime:0.002000s ]
SQL: SHOW COLUMNS FROM `article` [ RunTime:0.0030s ]
SQL: SELECT * FROM `article` ORDER BY pid DESC  [ RunTime:0.0010s ]
SQL: SELECT COUNT(*) AS tp_count FROM `article` LIMIT 1   [ RunTime:0.0000s ]
INFO: [ view_parse ] --START--
INFO: [ template_filter ] --START--
INFO: Run Behavior\ContentReplaceBehavior [ RunTime:0.000000s ]
INFO: [ template_filter ] --END-- [ RunTime:0.001000s ]
NOTIC: [2] date() expects parameter 2 to be long, string given D:\wamp\www\tpblog\Application\Runtime\Cache\Admin\b6cf4839fe914acb0a11e87da731a216.php 第 30 行.
NOTIC: [2] date() expects parameter 2 to be long, string given D:\wamp\www\tpblog\Application\Runtime\Cache\Admin\b6cf4839fe914acb0a11e87da731a216.php 第 30 行.
NOTIC: [2] date() expects parameter 2 to be long, string given D:\wamp\www\tpblog\Application\Runtime\Cache\Admin\b6cf4839fe914acb0a11e87da731a216.php 第 30 行.
NOTIC: [2] date() expects parameter 2 to be long, string given D:\wamp\www\tpblog\Application\Runtime\Cache\Admin\b6cf4839fe914acb0a11e87da731a216.php 第 30 行.
NOTIC: [2] date() expects parameter 2 to be long, string given D:\wamp\www\tpblog\Application\Runtime\Cache\Admin\b6cf4839fe914acb0a11e87da731a216.php 第 30 行.
INFO: Run Behavior\ParseTemplateBehavior [ RunTime:0.014001s ]
INFO: [ view_parse ] --END-- [ RunTime:0.014001s ]
INFO: [ view_filter ] --START--
INFO: Run Behavior\WriteHtmlCacheBehavior [ RunTime:0.000000s ]
INFO: [ view_filter ] --END-- [ RunTime:0.000000s ]
INFO: [ app_end ] --START--
INFO: Run Behavior\ShowPageTraceBehavior [ RunTime:0.000000s ]
INFO: [ app_end ] --END-- [ RunTime:0.001000s ]

[ 2017-06-07T14:00:46+08:00 ] 192.168.89.165 /Admin/Blog/index/p/5.html
INFO: [ app_init ] --START--
INFO: Run Behavior\BuildLiteBehavior [ RunTime:0.000000s ]
INFO: [ app_init ] --END-- [ RunTime:0.001000s ]
INFO: [ app_begin ] --START--
INFO: Run Behavior\ReadHtmlCacheBehavior [ RunTime:0.000000s ]
INFO: [ app_begin ] --END-- [ RunTime:0.000000s ]
SQL: SHOW COLUMNS FROM `article` [ RunTime:0.0030s ]
SQL: SELECT * FROM `article` ORDER BY pid DESC  [ RunTime:0.0010s ]
SQL: SELECT COUNT(*) AS tp_count FROM `article` LIMIT 1   [ RunTime:0.0010s ]
INFO: [ view_parse ] --START--
INFO: [ template_filter ] --START--
INFO: Run Behavior\ContentReplaceBehavior [ RunTime:0.000000s ]
INFO: [ template_filter ] --END-- [ RunTime:0.000000s ]
NOTIC: [2] date() expects parameter 2 to be long, string given D:\wamp\www\tpblog\Application\Runtime\Cache\Admin\b6cf4839fe914acb0a11e87da731a216.php 第 30 行.
NOTIC: [2] date() expects parameter 2 to be long, string given D:\wamp\www\tpblog\Application\Runtime\Cache\Admin\b6cf4839fe914acb0a11e87da731a216.php 第 30 行.
NOTIC: [2] date() expects parameter 2 to be long, string given D:\wamp\www\tpblog\Application\Runtime\Cache\Admin\b6cf4839fe914acb0a11e87da731a216.php 第 30 行.
NOTIC: [2] date() expects parameter 2 to be long, string given D:\wamp\www\tpblog\Application\Runtime\Cache\Admin\b6cf4839fe914acb0a11e87da731a216.php 第 30 行.
NOTIC: [2] date() expects parameter 2 to be long, string given D:\wamp\www\tpblog\Application\Runtime\Cache\Admin\b6cf4839fe914acb0a11e87da731a216.php 第 30 行.
INFO: Run Behavior\ParseTemplateBehavior [ RunTime:0.014000s ]
INFO: [ view_parse ] --END-- [ RunTime:0.014000s ]
INFO: [ view_filter ] --START--
INFO: Run Behavior\WriteHtmlCacheBehavior [ RunTime:0.000000s ]
INFO: [ view_filter ] --END-- [ RunTime:0.001001s ]
INFO: [ app_end ] --START--
INFO: Run Behavior\ShowPageTraceBehavior [ RunTime:0.001000s ]
INFO: [ app_end ] --END-- [ RunTime:0.001000s ]

[ 2017-06-07T14:00:49+08:00 ] 192.168.89.165 /Admin/Blog/index/p/4.html
INFO: [ app_init ] --START--
INFO: Run Behavior\BuildLiteBehavior [ RunTime:0.000000s ]
INFO: [ app_init ] --END-- [ RunTime:0.000000s ]
INFO: [ app_begin ] --START--
INFO: Run Behavior\ReadHtmlCacheBehavior [ RunTime:0.000000s ]
INFO: [ app_begin ] --END-- [ RunTime:0.000000s ]
SQL: SHOW COLUMNS FROM `article` [ RunTime:0.0030s ]
SQL: SELECT * FROM `article` ORDER BY pid DESC  [ RunTime:0.0010s ]
SQL: SELECT COUNT(*) AS tp_count FROM `article` LIMIT 1   [ RunTime:0.0010s ]
INFO: [ view_parse ] --START--
INFO: [ template_filter ] --START--
INFO: Run Behavior\ContentReplaceBehavior [ RunTime:0.000000s ]
INFO: [ template_filter ] --END-- [ RunTime:0.000000s ]
NOTIC: [2] date() expects parameter 2 to be long, string given D:\wamp\www\tpblog\Application\Runtime\Cache\Admin\b6cf4839fe914acb0a11e87da731a216.php 第 30 行.
NOTIC: [2] date() expects parameter 2 to be long, string given D:\wamp\www\tpblog\Application\Runtime\Cache\Admin\b6cf4839fe914acb0a11e87da731a216.php 第 30 行.
NOTIC: [2] date() expects parameter 2 to be long, string given D:\wamp\www\tpblog\Application\Runtime\Cache\Admin\b6cf4839fe914acb0a11e87da731a216.php 第 30 行.
NOTIC: [2] date() expects parameter 2 to be long, string given D:\wamp\www\tpblog\Application\Runtime\Cache\Admin\b6cf4839fe914acb0a11e87da731a216.php 第 30 行.
NOTIC: [2] date() expects parameter 2 to be long, string given D:\wamp\www\tpblog\Application\Runtime\Cache\Admin\b6cf4839fe914acb0a11e87da731a216.php 第 30 行.
INFO: Run Behavior\ParseTemplateBehavior [ RunTime:0.014001s ]
INFO: [ view_parse ] --END-- [ RunTime:0.014001s ]
INFO: [ view_filter ] --START--
INFO: Run Behavior\WriteHtmlCacheBehavior [ RunTime:0.001000s ]
INFO: [ view_filter ] --END-- [ RunTime:0.001000s ]
INFO: [ app_end ] --START--
INFO: Run Behavior\ShowPageTraceBehavior [ RunTime:0.001000s ]
INFO: [ app_end ] --END-- [ RunTime:0.001000s ]

[ 2017-06-07T14:00:52+08:00 ] 192.168.89.165 /Admin/Blog/index/p/2.html
INFO: [ app_init ] --START--
INFO: Run Behavior\BuildLiteBehavior [ RunTime:0.001000s ]
INFO: [ app_init ] --END-- [ RunTime:0.001000s ]
INFO: [ app_begin ] --START--
INFO: Run Behavior\ReadHtmlCacheBehavior [ RunTime:0.001000s ]
INFO: [ app_begin ] --END-- [ RunTime:0.001000s ]
SQL: SHOW COLUMNS FROM `article` [ RunTime:0.0030s ]
SQL: SELECT * FROM `article` ORDER BY pid DESC  [ RunTime:0.0010s ]
SQL: SELECT COUNT(*) AS tp_count FROM `article` LIMIT 1   [ RunTime:0.0000s ]
INFO: [ view_parse ] --START--
INFO: [ template_filter ] --START--
INFO: Run Behavior\ContentReplaceBehavior [ RunTime:0.000000s ]
INFO: [ template_filter ] --END-- [ RunTime:0.000000s ]
NOTIC: [2] date() expects parameter 2 to be long, string given D:\wamp\www\tpblog\Application\Runtime\Cache\Admin\b6cf4839fe914acb0a11e87da731a216.php 第 30 行.
NOTIC: [2] date() expects parameter 2 to be long, string given D:\wamp\www\tpblog\Application\Runtime\Cache\Admin\b6cf4839fe914acb0a11e87da731a216.php 第 30 行.
NOTIC: [2] date() expects parameter 2 to be long, string given D:\wamp\www\tpblog\Application\Runtime\Cache\Admin\b6cf4839fe914acb0a11e87da731a216.php 第 30 行.
NOTIC: [2] date() expects parameter 2 to be long, string given D:\wamp\www\tpblog\Application\Runtime\Cache\Admin\b6cf4839fe914acb0a11e87da731a216.php 第 30 行.
NOTIC: [2] date() expects parameter 2 to be long, string given D:\wamp\www\tpblog\Application\Runtime\Cache\Admin\b6cf4839fe914acb0a11e87da731a216.php 第 30 行.
INFO: Run Behavior\ParseTemplateBehavior [ RunTime:0.013001s ]
INFO: [ view_parse ] --END-- [ RunTime:0.014001s ]
INFO: [ view_filter ] --START--
INFO: Run Behavior\WriteHtmlCacheBehavior [ RunTime:0.001000s ]
INFO: [ view_filter ] --END-- [ RunTime:0.001000s ]
INFO: [ app_end ] --START--
INFO: Run Behavior\ShowPageTraceBehavior [ RunTime:0.001000s ]
INFO: [ app_end ] --END-- [ RunTime:0.001000s ]

[ 2017-06-07T14:02:30+08:00 ] 192.168.89.165 /Admin/Blog/index/p/2.html
INFO: [ app_init ] --START--
INFO: Run Behavior\BuildLiteBehavior [ RunTime:0.000000s ]
INFO: [ app_init ] --END-- [ RunTime:0.001000s ]
INFO: [ app_begin ] --START--
INFO: Run Behavior\ReadHtmlCacheBehavior [ RunTime:0.000000s ]
INFO: [ app_begin ] --END-- [ RunTime:0.001000s ]
SQL: SHOW COLUMNS FROM `article` [ RunTime:0.0040s ]
NOTIC: [8] Undefined variable: Page D:\wamp\www\tpblog\Application\Admin\Controller\BlogController.class.php 第 7 行.
NOTIC: [8] Trying to get property of non-object D:\wamp\www\tpblog\Application\Admin\Controller\BlogController.class.php 第 7 行.
NOTIC: [8] Undefined variable: Page D:\wamp\www\tpblog\Application\Admin\Controller\BlogController.class.php 第 7 行.
NOTIC: [8] Trying to get property of non-object D:\wamp\www\tpblog\Application\Admin\Controller\BlogController.class.php 第 7 行.
SQL: SELECT * FROM `article` ORDER BY pid DESC  [ RunTime:0.0000s ]
SQL: SELECT COUNT(*) AS tp_count FROM `article` LIMIT 1   [ RunTime:0.0010s ]
INFO: [ view_parse ] --START--
INFO: [ template_filter ] --START--
INFO: Run Behavior\ContentReplaceBehavior [ RunTime:0.000000s ]
INFO: [ template_filter ] --END-- [ RunTime:0.001000s ]
NOTIC: [2] date() expects parameter 2 to be long, string given D:\wamp\www\tpblog\Application\Runtime\Cache\Admin\b6cf4839fe914acb0a11e87da731a216.php 第 30 行.
NOTIC: [2] date() expects parameter 2 to be long, string given D:\wamp\www\tpblog\Application\Runtime\Cache\Admin\b6cf4839fe914acb0a11e87da731a216.php 第 30 行.
NOTIC: [2] date() expects parameter 2 to be long, string given D:\wamp\www\tpblog\Application\Runtime\Cache\Admin\b6cf4839fe914acb0a11e87da731a216.php 第 30 行.
NOTIC: [2] date() expects parameter 2 to be long, string given D:\wamp\www\tpblog\Application\Runtime\Cache\Admin\b6cf4839fe914acb0a11e87da731a216.php 第 30 行.
NOTIC: [2] date() expects parameter 2 to be long, string given D:\wamp\www\tpblog\Application\Runtime\Cache\Admin\b6cf4839fe914acb0a11e87da731a216.php 第 30 行.
INFO: Run Behavior\ParseTemplateBehavior [ RunTime:0.014001s ]
INFO: [ view_parse ] --END-- [ RunTime:0.015001s ]
INFO: [ view_filter ] --START--
INFO: Run Behavior\WriteHtmlCacheBehavior [ RunTime:0.001000s ]
INFO: [ view_filter ] --END-- [ RunTime:0.001000s ]
INFO: [ app_end ] --START--
INFO: Run Behavior\ShowPageTraceBehavior [ RunTime:0.001000s ]
INFO: [ app_end ] --END-- [ RunTime:0.001000s ]

[ 2017-06-07T14:02:34+08:00 ] 192.168.89.165 /Admin/Blog/index/p/3.html
INFO: [ app_init ] --START--
INFO: Run Behavior\BuildLiteBehavior [ RunTime:0.000000s ]
INFO: [ app_init ] --END-- [ RunTime:0.000000s ]
INFO: [ app_begin ] --START--
INFO: Run Behavior\ReadHtmlCacheBehavior [ RunTime:0.001000s ]
INFO: [ app_begin ] --END-- [ RunTime:0.001000s ]
SQL: SHOW COLUMNS FROM `article` [ RunTime:0.0040s ]
NOTIC: [8] Undefined variable: Page D:\wamp\www\tpblog\Application\Admin\Controller\BlogController.class.php 第 7 行.
NOTIC: [8] Trying to get property of non-object D:\wamp\www\tpblog\Application\Admin\Controller\BlogController.class.php 第 7 行.
NOTIC: [8] Undefined variable: Page D:\wamp\www\tpblog\Application\Admin\Controller\BlogController.class.php 第 7 行.
NOTIC: [8] Trying to get property of non-object D:\wamp\www\tpblog\Application\Admin\Controller\BlogController.class.php 第 7 行.
SQL: SELECT * FROM `article` ORDER BY pid DESC  [ RunTime:0.0010s ]
SQL: SELECT COUNT(*) AS tp_count FROM `article` LIMIT 1   [ RunTime:0.0000s ]
INFO: [ view_parse ] --START--
INFO: [ template_filter ] --START--
INFO: Run Behavior\ContentReplaceBehavior [ RunTime:0.000000s ]
INFO: [ template_filter ] --END-- [ RunTime:0.001001s ]
NOTIC: [2] date() expects parameter 2 to be long, string given D:\wamp\www\tpblog\Application\Runtime\Cache\Admin\b6cf4839fe914acb0a11e87da731a216.php 第 30 行.
NOTIC: [2] date() expects parameter 2 to be long, string given D:\wamp\www\tpblog\Application\Runtime\Cache\Admin\b6cf4839fe914acb0a11e87da731a216.php 第 30 行.
NOTIC: [2] date() expects parameter 2 to be long, string given D:\wamp\www\tpblog\Application\Runtime\Cache\Admin\b6cf4839fe914acb0a11e87da731a216.php 第 30 行.
NOTIC: [2] date() expects parameter 2 to be long, string given D:\wamp\www\tpblog\Application\Runtime\Cache\Admin\b6cf4839fe914acb0a11e87da731a216.php 第 30 行.
NOTIC: [2] date() expects parameter 2 to be long, string given D:\wamp\www\tpblog\Application\Runtime\Cache\Admin\b6cf4839fe914acb0a11e87da731a216.php 第 30 行.
INFO: Run Behavior\ParseTemplateBehavior [ RunTime:0.017001s ]
INFO: [ view_parse ] --END-- [ RunTime:0.017001s ]
INFO: [ view_filter ] --START--
INFO: Run Behavior\WriteHtmlCacheBehavior [ RunTime:0.000000s ]
INFO: [ view_filter ] --END-- [ RunTime:0.002000s ]
INFO: [ app_end ] --START--
INFO: Run Behavior\ShowPageTraceBehavior [ RunTime:0.001000s ]
INFO: [ app_end ] --END-- [ RunTime:0.001000s ]

[ 2017-06-07T14:02:36+08:00 ] 192.168.89.165 /Admin/Blog/index/p/4.html
INFO: [ app_init ] --START--
INFO: Run Behavior\BuildLiteBehavior [ RunTime:0.000000s ]
INFO: [ app_init ] --END-- [ RunTime:0.001000s ]
INFO: [ app_begin ] --START--
INFO: Run Behavior\ReadHtmlCacheBehavior [ RunTime:0.001000s ]
INFO: [ app_begin ] --END-- [ RunTime:0.001000s ]
SQL: SHOW COLUMNS FROM `article` [ RunTime:0.0040s ]
NOTIC: [8] Undefined variable: Page D:\wamp\www\tpblog\Application\Admin\Controller\BlogController.class.php 第 7 行.
NOTIC: [8] Trying to get property of non-object D:\wamp\www\tpblog\Application\Admin\Controller\BlogController.class.php 第 7 行.
NOTIC: [8] Undefined variable: Page D:\wamp\www\tpblog\Application\Admin\Controller\BlogController.class.php 第 7 行.
NOTIC: [8] Trying to get property of non-object D:\wamp\www\tpblog\Application\Admin\Controller\BlogController.class.php 第 7 行.
SQL: SELECT * FROM `article` ORDER BY pid DESC  [ RunTime:0.0000s ]
SQL: SELECT COUNT(*) AS tp_count FROM `article` LIMIT 1   [ RunTime:0.0000s ]
INFO: [ view_parse ] --START--
INFO: [ template_filter ] --START--
INFO: Run Behavior\ContentReplaceBehavior [ RunTime:0.000000s ]
INFO: [ template_filter ] --END-- [ RunTime:0.000000s ]
NOTIC: [2] date() expects parameter 2 to be long, string given D:\wamp\www\tpblog\Application\Runtime\Cache\Admin\b6cf4839fe914acb0a11e87da731a216.php 第 30 行.
NOTIC: [2] date() expects parameter 2 to be long, string given D:\wamp\www\tpblog\Application\Runtime\Cache\Admin\b6cf4839fe914acb0a11e87da731a216.php 第 30 行.
NOTIC: [2] date() expects parameter 2 to be long, string given D:\wamp\www\tpblog\Application\Runtime\Cache\Admin\b6cf4839fe914acb0a11e87da731a216.php 第 30 行.
NOTIC: [2] date() expects parameter 2 to be long, string given D:\wamp\www\tpblog\Application\Runtime\Cache\Admin\b6cf4839fe914acb0a11e87da731a216.php 第 30 行.
NOTIC: [2] date() expects parameter 2 to be long, string given D:\wamp\www\tpblog\Application\Runtime\Cache\Admin\b6cf4839fe914acb0a11e87da731a216.php 第 30 行.
INFO: Run Behavior\ParseTemplateBehavior [ RunTime:0.014001s ]
INFO: [ view_parse ] --END-- [ RunTime:0.015001s ]
INFO: [ view_filter ] --START--
INFO: Run Behavior\WriteHtmlCacheBehavior [ RunTime:0.000000s ]
INFO: [ view_filter ] --END-- [ RunTime:0.000000s ]
INFO: [ app_end ] --START--
INFO: Run Behavior\ShowPageTraceBehavior [ RunTime:0.000000s ]
INFO: [ app_end ] --END-- [ RunTime:0.000000s ]

[ 2017-06-07T14:02:38+08:00 ] 192.168.89.165 /Admin/Blog/index/p/5.html
INFO: [ app_init ] --START--
INFO: Run Behavior\BuildLiteBehavior [ RunTime:0.000000s ]
INFO: [ app_init ] --END-- [ RunTime:0.001000s ]
INFO: [ app_begin ] --START--
INFO: Run Behavior\ReadHtmlCacheBehavior [ RunTime:0.000000s ]
INFO: [ app_begin ] --END-- [ RunTime:0.001000s ]
SQL: SHOW COLUMNS FROM `article` [ RunTime:0.0040s ]
NOTIC: [8] Undefined variable: Page D:\wamp\www\tpblog\Application\Admin\Controller\BlogController.class.php 第 7 行.
NOTIC: [8] Trying to get property of non-object D:\wamp\www\tpblog\Application\Admin\Controller\BlogController.class.php 第 7 行.
NOTIC: [8] Undefined variable: Page D:\wamp\www\tpblog\Application\Admin\Controller\BlogController.class.php 第 7 行.
NOTIC: [8] Trying to get property of non-object D:\wamp\www\tpblog\Application\Admin\Controller\BlogController.class.php 第 7 行.
SQL: SELECT * FROM `article` ORDER BY pid DESC  [ RunTime:0.0010s ]
SQL: SELECT COUNT(*) AS tp_count FROM `article` LIMIT 1   [ RunTime:0.0010s ]
INFO: [ view_parse ] --START--
INFO: [ template_filter ] --START--
INFO: Run Behavior\ContentReplaceBehavior [ RunTime:0.000000s ]
INFO: [ template_filter ] --END-- [ RunTime:0.001000s ]
NOTIC: [2] date() expects parameter 2 to be long, string given D:\wamp\www\tpblog\Application\Runtime\Cache\Admin\b6cf4839fe914acb0a11e87da731a216.php 第 30 行.
NOTIC: [2] date() expects parameter 2 to be long, string given D:\wamp\www\tpblog\Application\Runtime\Cache\Admin\b6cf4839fe914acb0a11e87da731a216.php 第 30 行.
NOTIC: [2] date() expects parameter 2 to be long, string given D:\wamp\www\tpblog\Application\Runtime\Cache\Admin\b6cf4839fe914acb0a11e87da731a216.php 第 30 行.
NOTIC: [2] date() expects parameter 2 to be long, string given D:\wamp\www\tpblog\Application\Runtime\Cache\Admin\b6cf4839fe914acb0a11e87da731a216.php 第 30 行.
NOTIC: [2] date() expects parameter 2 to be long, string given D:\wamp\www\tpblog\Application\Runtime\Cache\Admin\b6cf4839fe914acb0a11e87da731a216.php 第 30 行.
INFO: Run Behavior\ParseTemplateBehavior [ RunTime:0.014001s ]
INFO: [ view_parse ] --END-- [ RunTime:0.014001s ]
INFO: [ view_filter ] --START--
INFO: Run Behavior\WriteHtmlCacheBehavior [ RunTime:0.000000s ]
INFO: [ view_filter ] --END-- [ RunTime:0.000000s ]
INFO: [ app_end ] --START--
INFO: Run Behavior\ShowPageTraceBehavior [ RunTime:0.000000s ]
INFO: [ app_end ] --END-- [ RunTime:0.000000s ]

[ 2017-06-07T14:02:51+08:00 ] 192.168.89.165 /Admin/Blog/index/p/5.html
INFO: [ app_init ] --START--
INFO: Run Behavior\BuildLiteBehavior [ RunTime:0.000000s ]
INFO: [ app_init ] --END-- [ RunTime:0.001000s ]
INFO: [ app_begin ] --START--
INFO: Run Behavior\ReadHtmlCacheBehavior [ RunTime:0.000000s ]
INFO: [ app_begin ] --END-- [ RunTime:0.001000s ]
SQL: SHOW COLUMNS FROM `article` [ RunTime:0.0040s ]
SQL: SELECT COUNT(*) AS tp_count FROM `article` LIMIT 1   [ RunTime:0.0000s ]
SQL: SELECT * FROM `article` ORDER BY pid DESC LIMIT 12,3   [ RunTime:0.0010s ]
INFO: [ view_parse ] --START--
INFO: [ template_filter ] --START--
INFO: Run Behavior\ContentReplaceBehavior [ RunTime:0.000000s ]
INFO: [ template_filter ] --END-- [ RunTime:0.000000s ]
INFO: Run Behavior\ParseTemplateBehavior [ RunTime:0.010001s ]
INFO: [ view_parse ] --END-- [ RunTime:0.010001s ]
INFO: [ view_filter ] --START--
INFO: Run Behavior\WriteHtmlCacheBehavior [ RunTime:0.000000s ]
INFO: [ view_filter ] --END-- [ RunTime:0.000000s ]
INFO: [ app_end ] --START--
INFO: Run Behavior\ShowPageTraceBehavior [ RunTime:0.000000s ]
INFO: [ app_end ] --END-- [ RunTime:0.000000s ]

[ 2017-06-07T14:02:52+08:00 ] 192.168.89.165 /Admin/Blog/index/p/2.html
INFO: [ app_init ] --START--
INFO: Run Behavior\BuildLiteBehavior [ RunTime:0.000000s ]
INFO: [ app_init ] --END-- [ RunTime:0.001000s ]
INFO: [ app_begin ] --START--
INFO: Run Behavior\ReadHtmlCacheBehavior [ RunTime:0.001000s ]
INFO: [ app_begin ] --END-- [ RunTime:0.001000s ]
SQL: SHOW COLUMNS FROM `article` [ RunTime:0.0040s ]
SQL: SELECT COUNT(*) AS tp_count FROM `article` LIMIT 1   [ RunTime:0.0010s ]
SQL: SELECT * FROM `article` ORDER BY pid DESC LIMIT 3,3   [ RunTime:0.0000s ]
INFO: [ view_parse ] --START--
INFO: [ template_filter ] --START--
INFO: Run Behavior\ContentReplaceBehavior [ RunTime:0.001000s ]
INFO: [ template_filter ] --END-- [ RunTime:0.001000s ]
NOTIC: [2] date() expects parameter 2 to be long, string given D:\wamp\www\tpblog\Application\Runtime\Cache\Admin\b6cf4839fe914acb0a11e87da731a216.php 第 30 行.
NOTIC: [2] date() expects parameter 2 to be long, string given D:\wamp\www\tpblog\Application\Runtime\Cache\Admin\b6cf4839fe914acb0a11e87da731a216.php 第 30 行.
NOTIC: [2] date() expects parameter 2 to be long, string given D:\wamp\www\tpblog\Application\Runtime\Cache\Admin\b6cf4839fe914acb0a11e87da731a216.php 第 30 行.
INFO: Run Behavior\ParseTemplateBehavior [ RunTime:0.011000s ]
INFO: [ view_parse ] --END-- [ RunTime:0.011000s ]
INFO: [ view_filter ] --START--
INFO: Run Behavior\WriteHtmlCacheBehavior [ RunTime:0.000000s ]
INFO: [ view_filter ] --END-- [ RunTime:0.000000s ]
INFO: [ app_end ] --START--
INFO: Run Behavior\ShowPageTraceBehavior [ RunTime:0.000000s ]
INFO: [ app_end ] --END-- [ RunTime:0.000000s ]

[ 2017-06-07T14:02:54+08:00 ] 192.168.89.165 /Admin/Blog/index/p/1.html
INFO: [ app_init ] --START--
INFO: Run Behavior\BuildLiteBehavior [ RunTime:0.000000s ]
INFO: [ app_init ] --END-- [ RunTime:0.000000s ]
INFO: [ app_begin ] --START--
INFO: Run Behavior\ReadHtmlCacheBehavior [ RunTime:0.001000s ]
INFO: [ app_begin ] --END-- [ RunTime:0.001000s ]
SQL: SHOW COLUMNS FROM `article` [ RunTime:0.0040s ]
SQL: SELECT COUNT(*) AS tp_count FROM `article` LIMIT 1   [ RunTime:0.0010s ]
SQL: SELECT * FROM `article` ORDER BY pid DESC LIMIT 0,3   [ RunTime:0.0000s ]
INFO: [ view_parse ] --START--
INFO: [ template_filter ] --START--
INFO: Run Behavior\ContentReplaceBehavior [ RunTime:0.000000s ]
INFO: [ template_filter ] --END-- [ RunTime:0.000000s ]
NOTIC: [2] date() expects parameter 2 to be long, string given D:\wamp\www\tpblog\Application\Runtime\Cache\Admin\b6cf4839fe914acb0a11e87da731a216.php 第 30 行.
INFO: Run Behavior\ParseTemplateBehavior [ RunTime:0.011000s ]
INFO: [ view_parse ] --END-- [ RunTime:0.011000s ]
INFO: [ view_filter ] --START--
INFO: Run Behavior\WriteHtmlCacheBehavior [ RunTime:0.000000s ]
INFO: [ view_filter ] --END-- [ RunTime:0.001001s ]
INFO: [ app_end ] --START--
INFO: Run Behavior\ShowPageTraceBehavior [ RunTime:0.000000s ]
INFO: [ app_end ] --END-- [ RunTime:0.001000s ]

[ 2017-06-07T14:02:55+08:00 ] 192.168.89.165 /Admin/Blog/index/p/2.html
INFO: [ app_init ] --START--
INFO: Run Behavior\BuildLiteBehavior [ RunTime:0.000000s ]
INFO: [ app_init ] --END-- [ RunTime:0.001000s ]
INFO: [ app_begin ] --START--
INFO: Run Behavior\ReadHtmlCacheBehavior [ RunTime:0.000000s ]
INFO: [ app_begin ] --END-- [ RunTime:0.001000s ]
SQL: SHOW COLUMNS FROM `article` [ RunTime:0.0030s ]
SQL: SELECT COUNT(*) AS tp_count FROM `article` LIMIT 1   [ RunTime:0.0010s ]
SQL: SELECT * FROM `article` ORDER BY pid DESC LIMIT 3,3   [ RunTime:0.0000s ]
INFO: [ view_parse ] --START--
INFO: [ template_filter ] --START--
INFO: Run Behavior\ContentReplaceBehavior [ RunTime:0.000000s ]
INFO: [ template_filter ] --END-- [ RunTime:0.001000s ]
NOTIC: [2] date() expects parameter 2 to be long, string given D:\wamp\www\tpblog\Application\Runtime\Cache\Admin\b6cf4839fe914acb0a11e87da731a216.php 第 30 行.
NOTIC: [2] date() expects parameter 2 to be long, string given D:\wamp\www\tpblog\Application\Runtime\Cache\Admin\b6cf4839fe914acb0a11e87da731a216.php 第 30 行.
NOTIC: [2] date() expects parameter 2 to be long, string given D:\wamp\www\tpblog\Application\Runtime\Cache\Admin\b6cf4839fe914acb0a11e87da731a216.php 第 30 行.
INFO: Run Behavior\ParseTemplateBehavior [ RunTime:0.011001s ]
INFO: [ view_parse ] --END-- [ RunTime:0.011001s ]
INFO: [ view_filter ] --START--
INFO: Run Behavior\WriteHtmlCacheBehavior [ RunTime:0.000000s ]
INFO: [ view_filter ] --END-- [ RunTime:0.000000s ]
INFO: [ app_end ] --START--
INFO: Run Behavior\ShowPageTraceBehavior [ RunTime:0.000000s ]
INFO: [ app_end ] --END-- [ RunTime:0.000000s ]

[ 2017-06-07T14:02:57+08:00 ] 192.168.89.165 /Admin/Blog/index/p/3.html
INFO: [ app_init ] --START--
INFO: Run Behavior\BuildLiteBehavior [ RunTime:0.000000s ]
INFO: [ app_init ] --END-- [ RunTime:0.000000s ]
INFO: [ app_begin ] --START--
INFO: Run Behavior\ReadHtmlCacheBehavior [ RunTime:0.000000s ]
INFO: [ app_begin ] --END-- [ RunTime:0.001000s ]
SQL: SHOW COLUMNS FROM `article` [ RunTime:0.0030s ]
SQL: SELECT COUNT(*) AS tp_count FROM `article` LIMIT 1   [ RunTime:0.0000s ]
SQL: SELECT * FROM `article` ORDER BY pid DESC LIMIT 6,3   [ RunTime:0.0000s ]
INFO: [ view_parse ] --START--
INFO: [ template_filter ] --START--
INFO: Run Behavior\ContentReplaceBehavior [ RunTime:0.000000s ]
INFO: [ template_filter ] --END-- [ RunTime:0.000000s ]
NOTIC: [2] date() expects parameter 2 to be long, string given D:\wamp\www\tpblog\Application\Runtime\Cache\Admin\b6cf4839fe914acb0a11e87da731a216.php 第 30 行.
INFO: Run Behavior\ParseTemplateBehavior [ RunTime:0.011001s ]
INFO: [ view_parse ] --END-- [ RunTime:0.011001s ]
INFO: [ view_filter ] --START--
INFO: Run Behavior\WriteHtmlCacheBehavior [ RunTime:0.000000s ]
INFO: [ view_filter ] --END-- [ RunTime:0.000000s ]
INFO: [ app_end ] --START--
INFO: Run Behavior\ShowPageTraceBehavior [ RunTime:0.000000s ]
INFO: [ app_end ] --END-- [ RunTime:0.000000s ]

[ 2017-06-07T14:02:58+08:00 ] 192.168.89.165 /Admin/Blog/index/p/4.html
INFO: [ app_init ] --START--
INFO: Run Behavior\BuildLiteBehavior [ RunTime:0.000000s ]
INFO: [ app_init ] --END-- [ RunTime:0.001000s ]
INFO: [ app_begin ] --START--
INFO: Run Behavior\ReadHtmlCacheBehavior [ RunTime:0.000000s ]
INFO: [ app_begin ] --END-- [ RunTime:0.000000s ]
SQL: SHOW COLUMNS FROM `article` [ RunTime:0.0040s ]
SQL: SELECT COUNT(*) AS tp_count FROM `article` LIMIT 1   [ RunTime:0.0010s ]
SQL: SELECT * FROM `article` ORDER BY pid DESC LIMIT 9,3   [ RunTime:0.0000s ]
INFO: [ view_parse ] --START--
INFO: [ template_filter ] --START--
INFO: Run Behavior\ContentReplaceBehavior [ RunTime:0.000000s ]
INFO: [ template_filter ] --END-- [ RunTime:0.001000s ]
INFO: Run Behavior\ParseTemplateBehavior [ RunTime:0.010000s ]
INFO: [ view_parse ] --END-- [ RunTime:0.010000s ]
INFO: [ view_filter ] --START--
INFO: Run Behavior\WriteHtmlCacheBehavior [ RunTime:0.000000s ]
INFO: [ view_filter ] --END-- [ RunTime:0.000000s ]
INFO: [ app_end ] --START--
INFO: Run Behavior\ShowPageTraceBehavior [ RunTime:0.001000s ]
INFO: [ app_end ] --END-- [ RunTime:0.001000s ]

[ 2017-06-07T14:02:59+08:00 ] 192.168.89.165 /Admin/Blog/index/p/5.html
INFO: [ app_init ] --START--
INFO: Run Behavior\BuildLiteBehavior [ RunTime:0.000000s ]
INFO: [ app_init ] --END-- [ RunTime:0.001000s ]
INFO: [ app_begin ] --START--
INFO: Run Behavior\ReadHtmlCacheBehavior [ RunTime:0.001000s ]
INFO: [ app_begin ] --END-- [ RunTime:0.001000s ]
SQL: SHOW COLUMNS FROM `article` [ RunTime:0.0040s ]
SQL: SELECT COUNT(*) AS tp_count FROM `article` LIMIT 1   [ RunTime:0.0010s ]
SQL: SELECT * FROM `article` ORDER BY pid DESC LIMIT 12,3   [ RunTime:0.0000s ]
INFO: [ view_parse ] --START--
INFO: [ template_filter ] --START--
INFO: Run Behavior\ContentReplaceBehavior [ RunTime:0.000000s ]
INFO: [ template_filter ] --END-- [ RunTime:0.001000s ]
INFO: Run Behavior\ParseTemplateBehavior [ RunTime:0.010001s ]
INFO: [ view_parse ] --END-- [ RunTime:0.010001s ]
INFO: [ view_filter ] --START--
INFO: Run Behavior\WriteHtmlCacheBehavior [ RunTime:0.001000s ]
INFO: [ view_filter ] --END-- [ RunTime:0.001000s ]
INFO: [ app_end ] --START--
INFO: Run Behavior\ShowPageTraceBehavior [ RunTime:0.001000s ]
INFO: [ app_end ] --END-- [ RunTime:0.001000s ]

[ 2017-06-07T14:03:00+08:00 ] 192.168.89.165 /Admin/Blog/index/p/4.html
INFO: [ app_init ] --START--
INFO: Run Behavior\BuildLiteBehavior [ RunTime:0.000000s ]
INFO: [ app_init ] --END-- [ RunTime:0.001000s ]
INFO: [ app_begin ] --START--
INFO: Run Behavior\ReadHtmlCacheBehavior [ RunTime:0.001000s ]
INFO: [ app_begin ] --END-- [ RunTime:0.001000s ]
SQL: SHOW COLUMNS FROM `article` [ RunTime:0.0040s ]
SQL: SELECT COUNT(*) AS tp_count FROM `article` LIMIT 1   [ RunTime:0.0000s ]
SQL: SELECT * FROM `article` ORDER BY pid DESC LIMIT 9,3   [ RunTime:0.0010s ]
INFO: [ view_parse ] --START--
INFO: [ template_filter ] --START--
INFO: Run Behavior\ContentReplaceBehavior [ RunTime:0.000000s ]
INFO: [ template_filter ] --END-- [ RunTime:0.000000s ]
INFO: Run Behavior\ParseTemplateBehavior [ RunTime:0.010001s ]
INFO: [ view_parse ] --END-- [ RunTime:0.010001s ]
INFO: [ view_filter ] --START--
INFO: Run Behavior\WriteHtmlCacheBehavior [ RunTime:0.000000s ]
INFO: [ view_filter ] --END-- [ RunTime:0.000000s ]
INFO: [ app_end ] --START--
INFO: Run Behavior\ShowPageTraceBehavior [ RunTime:0.000000s ]
INFO: [ app_end ] --END-- [ RunTime:0.000000s ]

[ 2017-06-07T14:03:02+08:00 ] 192.168.89.165 /Admin/Blog/index/p/3.html
INFO: [ app_init ] --START--
INFO: Run Behavior\BuildLiteBehavior [ RunTime:0.000000s ]
INFO: [ app_init ] --END-- [ RunTime:0.001000s ]
INFO: [ app_begin ] --START--
INFO: Run Behavior\ReadHtmlCacheBehavior [ RunTime:0.001000s ]
INFO: [ app_begin ] --END-- [ RunTime:0.001000s ]
SQL: SHOW COLUMNS FROM `article` [ RunTime:0.0040s ]
SQL: SELECT COUNT(*) AS tp_count FROM `article` LIMIT 1   [ RunTime:0.0010s ]
SQL: SELECT * FROM `article` ORDER BY pid DESC LIMIT 6,3   [ RunTime:0.0000s ]
INFO: [ view_parse ] --START--
INFO: [ template_filter ] --START--
INFO: Run Behavior\ContentReplaceBehavior [ RunTime:0.000000s ]
INFO: [ template_filter ] --END-- [ RunTime:0.000000s ]
NOTIC: [2] date() expects parameter 2 to be long, string given D:\wamp\www\tpblog\Application\Runtime\Cache\Admin\b6cf4839fe914acb0a11e87da731a216.php 第 30 行.
INFO: Run Behavior\ParseTemplateBehavior [ RunTime:0.011001s ]
INFO: [ view_parse ] --END-- [ RunTime:0.011001s ]
INFO: [ view_filter ] --START--
INFO: Run Behavior\WriteHtmlCacheBehavior [ RunTime:0.000000s ]
INFO: [ view_filter ] --END-- [ RunTime:0.000000s ]
INFO: [ app_end ] --START--
INFO: Run Behavior\ShowPageTraceBehavior [ RunTime:0.000000s ]
INFO: [ app_end ] --END-- [ RunTime:0.000000s ]

[ 2017-06-07T14:03:03+08:00 ] 192.168.89.165 /Admin/Blog/index/p/2.html
INFO: [ app_init ] --START--
INFO: Run Behavior\BuildLiteBehavior [ RunTime:0.000000s ]
INFO: [ app_init ] --END-- [ RunTime:0.000000s ]
INFO: [ app_begin ] --START--
INFO: Run Behavior\ReadHtmlCacheBehavior [ RunTime:0.000000s ]
INFO: [ app_begin ] --END-- [ RunTime:0.001000s ]
SQL: SHOW COLUMNS FROM `article` [ RunTime:0.0040s ]
SQL: SELECT COUNT(*) AS tp_count FROM `article` LIMIT 1   [ RunTime:0.0000s ]
SQL: SELECT * FROM `article` ORDER BY pid DESC LIMIT 3,3   [ RunTime:0.0000s ]
INFO: [ view_parse ] --START--
INFO: [ template_filter ] --START--
INFO: Run Behavior\ContentReplaceBehavior [ RunTime:0.000000s ]
INFO: [ template_filter ] --END-- [ RunTime:0.001000s ]
NOTIC: [2] date() expects parameter 2 to be long, string given D:\wamp\www\tpblog\Application\Runtime\Cache\Admin\b6cf4839fe914acb0a11e87da731a216.php 第 30 行.
NOTIC: [2] date() expects parameter 2 to be long, string given D:\wamp\www\tpblog\Application\Runtime\Cache\Admin\b6cf4839fe914acb0a11e87da731a216.php 第 30 行.
NOTIC: [2] date() expects parameter 2 to be long, string given D:\wamp\www\tpblog\Application\Runtime\Cache\Admin\b6cf4839fe914acb0a11e87da731a216.php 第 30 行.
INFO: Run Behavior\ParseTemplateBehavior [ RunTime:0.011001s ]
INFO: [ view_parse ] --END-- [ RunTime:0.011001s ]
INFO: [ view_filter ] --START--
INFO: Run Behavior\WriteHtmlCacheBehavior [ RunTime:0.000000s ]
INFO: [ view_filter ] --END-- [ RunTime:0.000000s ]
INFO: [ app_end ] --START--
INFO: Run Behavior\ShowPageTraceBehavior [ RunTime:0.000000s ]
INFO: [ app_end ] --END-- [ RunTime:0.000000s ]

